TRACE::2021-05-10.18:00:32::SCWPlatform::Trying to open the hw design at /tmp/git_export1/zc702/hw/zc702.xsa
TRACE::2021-05-10.18:00:32::SCWPlatform::DSA given /tmp/git_export1/zc702/hw/zc702.xsa
TRACE::2021-05-10.18:00:32::SCWPlatform::DSA absoulate path /tmp/git_export1/zc702/hw/zc702.xsa
TRACE::2021-05-10.18:00:36::SCWPlatform::DSA directory /tmp/git_export1/zc702/hw
TRACE::2021-05-10.18:00:36::SCWPlatform:: Platform Path /tmp/git_export1/zc702/hw/zc702.xsa
TRACE::2021-05-10.18:00:36::SCWPlatform:: Unique name xilinx:zc702::0.0
TRACE::2021-05-10.18:00:36::SCWPlatform::Do not have an existing db opened. 
TRACE::2021-05-10.18:00:37::SCWPlatform::Opened new HwDB with name design_1_wrapper_0
TRACE::2021-05-10.18:00:37::SCWWriter::formatted JSON is {
	"platformName":	"zc702",
	"sprVersion":	"2.0",
	"mode":	"gui",
	"dsaType":	"Fixed",
	"platformDesc":	"zc702",
	"platHandOff":	"/proj/xbuilds/2020.2_daily_latest/installs/lin64/Vitis/2020.2/data/embeddedsw/lib/fixed_hwplatforms/zc702.xsa",
	"platIntHandOff":	"<platformDir>/hw/zc702.xsa",
	"deviceType":	"zynq",
	"platIsPrebuiltAutogen":	"false",
	"platIsNoBootBsp":	"true",
	"hasFsblMakeHasChanges":	"false",
	"hasPmufwMakeHasChanges":	"false",
	"platPreBuiltFlag":	false,
	"platformSamplesDir":	""
}
TRACE::2021-05-10.18:00:37::SCWWriter::formatted JSON is {
	"platformName":	"zc702",
	"sprVersion":	"2.0",
	"mode":	"gui",
	"dsaType":	"Fixed",
	"platformDesc":	"zc702",
	"platHandOff":	"/proj/xbuilds/2020.2_daily_latest/installs/lin64/Vitis/2020.2/data/embeddedsw/lib/fixed_hwplatforms/zc702.xsa",
	"platIntHandOff":	"<platformDir>/hw/zc702.xsa",
	"deviceType":	"zynq",
	"platIsPrebuiltAutogen":	"false",
	"platIsNoBootBsp":	"true",
	"hasFsblMakeHasChanges":	"false",
	"hasPmufwMakeHasChanges":	"false",
	"platPreBuiltFlag":	false,
	"platformSamplesDir":	"",
	"platActiveSys":	"zc702",
	"systems":	[{
			"systemName":	"zc702",
			"systemDesc":	"zc702",
			"sysIsBootAutoGen":	"true",
			"systemDispName":	"zc702"
		}]
}
TRACE::2021-05-10.18:00:37::SCWWriter::formatted JSON is {
	"platformName":	"zc702",
	"sprVersion":	"2.0",
	"mode":	"gui",
	"dsaType":	"Fixed",
	"platformDesc":	"zc702",
	"platHandOff":	"/proj/xbuilds/2020.2_daily_latest/installs/lin64/Vitis/2020.2/data/embeddedsw/lib/fixed_hwplatforms/zc702.xsa",
	"platIntHandOff":	"<platformDir>/hw/zc702.xsa",
	"deviceType":	"zynq",
	"platIsPrebuiltAutogen":	"false",
	"platIsNoBootBsp":	"true",
	"hasFsblMakeHasChanges":	"false",
	"hasPmufwMakeHasChanges":	"false",
	"platPreBuiltFlag":	false,
	"platformSamplesDir":	"",
	"platActiveSys":	"zc702",
	"systems":	[{
			"systemName":	"zc702",
			"systemDesc":	"zc702",
			"sysIsBootAutoGen":	"true",
			"systemDispName":	"zc702"
		}]
}
TRACE::2021-05-10.18:00:37::SCWPlatform::Trying to open the hw design at /tmp/git_export1/zc702/hw/zc702.xsa
TRACE::2021-05-10.18:00:37::SCWPlatform::DSA given /tmp/git_export1/zc702/hw/zc702.xsa
TRACE::2021-05-10.18:00:37::SCWPlatform::DSA absoulate path /tmp/git_export1/zc702/hw/zc702.xsa
TRACE::2021-05-10.18:00:37::SCWPlatform::DSA directory /tmp/git_export1/zc702/hw
TRACE::2021-05-10.18:00:37::SCWPlatform:: Platform Path /tmp/git_export1/zc702/hw/zc702.xsa
TRACE::2021-05-10.18:00:37::SCWPlatform:: Unique name xilinx:zc702::0.0
TRACE::2021-05-10.18:00:37::SCWPlatform::Trying to set the existing hwdb with name design_1_wrapper_0
TRACE::2021-05-10.18:00:37::SCWPlatform::Opened existing hwdb design_1_wrapper_0
TRACE::2021-05-10.18:00:37::SCWPlatform::Found the Hw Db part of the input DSA
TRACE::2021-05-10.18:00:37::SCWDomain::checking for install qemu data   : 
TRACE::2021-05-10.18:00:37::SCWDomain:: Using the QEMU Data from install at  : /proj/xbuilds/2020.2_daily_latest/installs/lin64/Vitis/2020.2/data/emulation/platforms/zynq/sw/a9_standalone/qemu/
TRACE::2021-05-10.18:00:37::SCWDomain:: Using the QEMU args  from install at  : /proj/xbuilds/2020.2_daily_latest/installs/lin64/Vitis/2020.2/data/emulation/platforms/zynq/sw/a9_standalone/qemu/qemu_args.txt
TRACE::2021-05-10.18:00:37::SCWPlatform::Trying to open the hw design at /tmp/git_export1/zc702/hw/zc702.xsa
TRACE::2021-05-10.18:00:37::SCWPlatform::DSA given /tmp/git_export1/zc702/hw/zc702.xsa
TRACE::2021-05-10.18:00:37::SCWPlatform::DSA absoulate path /tmp/git_export1/zc702/hw/zc702.xsa
TRACE::2021-05-10.18:00:37::SCWPlatform::DSA directory /tmp/git_export1/zc702/hw
TRACE::2021-05-10.18:00:37::SCWPlatform:: Platform Path /tmp/git_export1/zc702/hw/zc702.xsa
TRACE::2021-05-10.18:00:37::SCWPlatform:: Unique name xilinx:zc702::0.0
TRACE::2021-05-10.18:00:37::SCWPlatform::Trying to set the existing hwdb with name design_1_wrapper_0
TRACE::2021-05-10.18:00:37::SCWPlatform::Opened existing hwdb design_1_wrapper_0
TRACE::2021-05-10.18:00:37::SCWPlatform::Found the Hw Db part of the input DSA
TRACE::2021-05-10.18:00:37::SCWPlatform::Trying to open the hw design at /tmp/git_export1/zc702/hw/zc702.xsa
TRACE::2021-05-10.18:00:37::SCWPlatform::DSA given /tmp/git_export1/zc702/hw/zc702.xsa
TRACE::2021-05-10.18:00:37::SCWPlatform::DSA absoulate path /tmp/git_export1/zc702/hw/zc702.xsa
TRACE::2021-05-10.18:00:37::SCWPlatform::DSA directory /tmp/git_export1/zc702/hw
TRACE::2021-05-10.18:00:37::SCWPlatform:: Platform Path /tmp/git_export1/zc702/hw/zc702.xsa
TRACE::2021-05-10.18:00:37::SCWPlatform:: Unique name xilinx:zc702::0.0
TRACE::2021-05-10.18:00:37::SCWPlatform::Trying to set the existing hwdb with name design_1_wrapper_0
TRACE::2021-05-10.18:00:37::SCWPlatform::Opened existing hwdb design_1_wrapper_0
TRACE::2021-05-10.18:00:37::SCWPlatform::Found the Hw Db part of the input DSA
TRACE::2021-05-10.18:00:37::SCWPlatform::Trying to open the hw design at /tmp/git_export1/zc702/hw/zc702.xsa
TRACE::2021-05-10.18:00:37::SCWPlatform::DSA given /tmp/git_export1/zc702/hw/zc702.xsa
TRACE::2021-05-10.18:00:37::SCWPlatform::DSA absoulate path /tmp/git_export1/zc702/hw/zc702.xsa
TRACE::2021-05-10.18:00:37::SCWPlatform::DSA directory /tmp/git_export1/zc702/hw
TRACE::2021-05-10.18:00:37::SCWPlatform:: Platform Path /tmp/git_export1/zc702/hw/zc702.xsa
TRACE::2021-05-10.18:00:37::SCWPlatform:: Unique name xilinx:zc702::0.0
TRACE::2021-05-10.18:00:37::SCWPlatform::Trying to set the existing hwdb with name design_1_wrapper_0
TRACE::2021-05-10.18:00:37::SCWPlatform::Opened existing hwdb design_1_wrapper_0
TRACE::2021-05-10.18:00:37::SCWPlatform::Found the Hw Db part of the input DSA
TRACE::2021-05-10.18:00:37::SCWMssOS::Checking the sw design at  /tmp/git_export1/zc702/ps7_cortexa9_0/standalone_ps7_cortexa9_0/bsp/system.mss
TRACE::2021-05-10.18:00:37::SCWMssOS::DEBUG:  swdes dump  
TRACE::2021-05-10.18:00:37::SCWMssOS::No sw design opened at  /tmp/git_export1/zc702/ps7_cortexa9_0/standalone_ps7_cortexa9_0/bsp/system.mss
TRACE::2021-05-10.18:00:37::SCWMssOS::mss does not exists at /tmp/git_export1/zc702/ps7_cortexa9_0/standalone_ps7_cortexa9_0/bsp/system.mss
TRACE::2021-05-10.18:00:37::SCWMssOS::Creating sw design at  /tmp/git_export1/zc702/ps7_cortexa9_0/standalone_ps7_cortexa9_0/bsp/system.mss
TRACE::2021-05-10.18:00:37::SCWMssOS::Adding the swdes entry, created swdb /tmp/git_export1/zc702/ps7_cortexa9_0/standalone_ps7_cortexa9_0/bsp/system.mss with des name /tmp/git_export1/zc702/ps7_cortexa9_0/standalone_ps7_cortexa9_0/bsp/system.mss
TRACE::2021-05-10.18:00:37::SCWMssOS::updating the scw layer changes to swdes at   /tmp/git_export1/zc702/ps7_cortexa9_0/standalone_ps7_cortexa9_0/bsp/system.mss
TRACE::2021-05-10.18:00:37::SCWMssOS::Writing mss at /tmp/git_export1/zc702/ps7_cortexa9_0/standalone_ps7_cortexa9_0/bsp/system.mss
TRACE::2021-05-10.18:00:37::SCWMssOS::Completed writing the mss file at /tmp/git_export1/zc702/ps7_cortexa9_0/standalone_ps7_cortexa9_0/bsp
TRACE::2021-05-10.18:00:37::SCWMssOS::Picking up changes from newly written mss file into SCW Layer. 
TRACE::2021-05-10.18:00:38::SCWMssOS::Updated the changes from newly written mss file into SCW Layer. 
TRACE::2021-05-10.18:00:38::SCWMssOS::Completed writing the mss file at /tmp/git_export1/zc702/ps7_cortexa9_0/standalone_ps7_cortexa9_0/bsp
TRACE::2021-05-10.18:00:38::SCWMssOS::Forcing BSP Sources regeneration.
TRACE::2021-05-10.18:00:39::SCWMssOS::Saving the mss changes /tmp/git_export1/zc702/ps7_cortexa9_0/standalone_ps7_cortexa9_0/bsp/system.mss
TRACE::2021-05-10.18:00:39::SCWMssOS::Found a swdesign opened with the mssfile.
TRACE::2021-05-10.18:00:39::SCWMssOS::Running validate of swdbs.
KEYINFO::2021-05-10.18:00:39::SCWMssOS::Could not open the swdb for /tmp/git_export1/zc702/ps7_cortexa9_0/standalone_ps7_cortexa9_0/bsp/system.mss
KEYINFO::2021-05-10.18:00:39::SCWMssOS::Could not open the sw design at  /tmp/git_export1/zc702/ps7_cortexa9_0/standalone_ps7_cortexa9_0/bsp/system.mss
ERROR: [Hsi 55-1558] Software Design /tmp/git_export1/zc702/ps7_cortexa9_0/standalone_ps7_cortexa9_0/bsp/system.mss is not found

TRACE::2021-05-10.18:00:39::SCWMssOS::Cleared the swdb table entry
TRACE::2021-05-10.18:00:39::SCWMssOS::Adding the swdes entry, mss present, able to open swdb /tmp/git_export1/zc702/ps7_cortexa9_0/standalone_ps7_cortexa9_0/bsp/system.mss with des name system
TRACE::2021-05-10.18:00:39::SCWMssOS::Writing the mss file completed /tmp/git_export1/zc702/ps7_cortexa9_0/standalone_ps7_cortexa9_0/bsp/system.mss
TRACE::2021-05-10.18:00:39::SCWMssOS::Commit changes completed.
TRACE::2021-05-10.18:00:39::SCWPlatform::Trying to open the hw design at /tmp/git_export1/zc702/hw/zc702.xsa
TRACE::2021-05-10.18:00:39::SCWPlatform::DSA given /tmp/git_export1/zc702/hw/zc702.xsa
TRACE::2021-05-10.18:00:39::SCWPlatform::DSA absoulate path /tmp/git_export1/zc702/hw/zc702.xsa
TRACE::2021-05-10.18:00:39::SCWPlatform::DSA directory /tmp/git_export1/zc702/hw
TRACE::2021-05-10.18:00:39::SCWPlatform:: Platform Path /tmp/git_export1/zc702/hw/zc702.xsa
TRACE::2021-05-10.18:00:39::SCWPlatform:: Unique name xilinx:zc702::0.0
TRACE::2021-05-10.18:00:39::SCWPlatform::Trying to set the existing hwdb with name design_1_wrapper_0
TRACE::2021-05-10.18:00:39::SCWPlatform::Opened existing hwdb design_1_wrapper_0
TRACE::2021-05-10.18:00:39::SCWPlatform::Found the Hw Db part of the input DSA
TRACE::2021-05-10.18:00:39::SCWMssOS::Checking the sw design at  /tmp/git_export1/zc702/ps7_cortexa9_0/standalone_ps7_cortexa9_0/bsp/system.mss
TRACE::2021-05-10.18:00:39::SCWMssOS::DEBUG:  swdes dump  /tmp/git_export1/zc702/ps7_cortexa9_0/standalone_ps7_cortexa9_0/bsp/system.mss|system||

TRACE::2021-05-10.18:00:39::SCWMssOS::Sw design exists and opened at  /tmp/git_export1/zc702/ps7_cortexa9_0/standalone_ps7_cortexa9_0/bsp/system.mss
TRACE::2021-05-10.18:00:39::SCWPlatform::Trying to open the hw design at /tmp/git_export1/zc702/hw/zc702.xsa
TRACE::2021-05-10.18:00:39::SCWPlatform::DSA given /tmp/git_export1/zc702/hw/zc702.xsa
TRACE::2021-05-10.18:00:39::SCWPlatform::DSA absoulate path /tmp/git_export1/zc702/hw/zc702.xsa
TRACE::2021-05-10.18:00:39::SCWPlatform::DSA directory /tmp/git_export1/zc702/hw
TRACE::2021-05-10.18:00:39::SCWPlatform:: Platform Path /tmp/git_export1/zc702/hw/zc702.xsa
TRACE::2021-05-10.18:00:39::SCWPlatform:: Unique name xilinx:zc702::0.0
TRACE::2021-05-10.18:00:39::SCWPlatform::Trying to set the existing hwdb with name design_1_wrapper_0
TRACE::2021-05-10.18:00:39::SCWPlatform::Opened existing hwdb design_1_wrapper_0
TRACE::2021-05-10.18:00:39::SCWPlatform::Found the Hw Db part of the input DSA
TRACE::2021-05-10.18:00:39::SCWMssOS::Checking the sw design at  /tmp/git_export1/zc702/ps7_cortexa9_0/standalone_ps7_cortexa9_0/bsp/system.mss
TRACE::2021-05-10.18:00:39::SCWMssOS::DEBUG:  swdes dump  /tmp/git_export1/zc702/ps7_cortexa9_0/standalone_ps7_cortexa9_0/bsp/system.mss|system||

TRACE::2021-05-10.18:00:39::SCWMssOS::Sw design exists and opened at  /tmp/git_export1/zc702/ps7_cortexa9_0/standalone_ps7_cortexa9_0/bsp/system.mss
TRACE::2021-05-10.18:00:39::SCWPlatform::Trying to open the hw design at /tmp/git_export1/zc702/hw/zc702.xsa
TRACE::2021-05-10.18:00:39::SCWPlatform::DSA given /tmp/git_export1/zc702/hw/zc702.xsa
TRACE::2021-05-10.18:00:39::SCWPlatform::DSA absoulate path /tmp/git_export1/zc702/hw/zc702.xsa
TRACE::2021-05-10.18:00:39::SCWPlatform::DSA directory /tmp/git_export1/zc702/hw
TRACE::2021-05-10.18:00:39::SCWPlatform:: Platform Path /tmp/git_export1/zc702/hw/zc702.xsa
TRACE::2021-05-10.18:00:39::SCWPlatform:: Unique name xilinx:zc702::0.0
TRACE::2021-05-10.18:00:39::SCWPlatform::Trying to set the existing hwdb with name design_1_wrapper_0
TRACE::2021-05-10.18:00:39::SCWPlatform::Opened existing hwdb design_1_wrapper_0
TRACE::2021-05-10.18:00:39::SCWPlatform::Found the Hw Db part of the input DSA
TRACE::2021-05-10.18:00:39::SCWMssOS::Checking the sw design at  /tmp/git_export1/zc702/ps7_cortexa9_0/standalone_ps7_cortexa9_0/bsp/system.mss
TRACE::2021-05-10.18:00:39::SCWMssOS::DEBUG:  swdes dump  /tmp/git_export1/zc702/ps7_cortexa9_0/standalone_ps7_cortexa9_0/bsp/system.mss|system||

TRACE::2021-05-10.18:00:39::SCWMssOS::Sw design exists and opened at  /tmp/git_export1/zc702/ps7_cortexa9_0/standalone_ps7_cortexa9_0/bsp/system.mss
TRACE::2021-05-10.18:00:39::SCWWriter::formatted JSON is {
	"platformName":	"zc702",
	"sprVersion":	"2.0",
	"mode":	"gui",
	"dsaType":	"Fixed",
	"platformDesc":	"zc702",
	"platHandOff":	"/proj/xbuilds/2020.2_daily_latest/installs/lin64/Vitis/2020.2/data/embeddedsw/lib/fixed_hwplatforms/zc702.xsa",
	"platIntHandOff":	"<platformDir>/hw/zc702.xsa",
	"deviceType":	"zynq",
	"platIsPrebuiltAutogen":	"false",
	"platIsNoBootBsp":	"true",
	"hasFsblMakeHasChanges":	"false",
	"hasPmufwMakeHasChanges":	"false",
	"platPreBuiltFlag":	false,
	"platformSamplesDir":	"",
	"platActiveSys":	"zc702",
	"systems":	[{
			"systemName":	"zc702",
			"systemDesc":	"zc702",
			"sysIsBootAutoGen":	"true",
			"systemDispName":	"zc702",
			"sysActiveDom":	"standalone_ps7_cortexa9_0",
			"sysDefaultDom":	"standalone_ps7_cortexa9_0",
			"domains":	[{
					"domainName":	"standalone_ps7_cortexa9_0",
					"domainDispName":	"standalone_ps7_cortexa9_0",
					"domainDesc":	"standalone_ps7_cortexa9_0",
					"processors":	"ps7_cortexa9_0",
					"os":	"standalone",
					"sdxOs":	"standalone",
					"qemuArgs":	"/proj/xbuilds/2020.2_daily_latest/installs/lin64/Vitis/2020.2/data/emulation/platforms/zynq/sw/a9_standalone/qemu/qemu_args.txt",
					"qemuData":	"/proj/xbuilds/2020.2_daily_latest/installs/lin64/Vitis/2020.2/data/emulation/platforms/zynq/sw/a9_standalone/qemu/",
					"debugEnable":	"False",
					"domRuntimes":	["cpp"],
					"swRepo":	"",
					"mssOsVer":	"7.3",
					"mssFile":	"",
					"md5Digest":	"89698c41903a108f22ff01cec4bc34b1",
					"compatibleApp":	"hello_world",
					"domType":	"mssDomain",
					"arch":	"32-bit",
					"appSettings":	{
						"appCompilerFlags":	"",
						"appLinkerFlags":	""
					},
					"addedLibs":	[],
					"libOptions":	{
						"libsContainingOptions":	[]
					},
					"prebuiltLibs":	{
						"prebuiltIncPath":	[],
						"prebuiltLibPath":	[]
					},
					"isolation":	{
					}
				}]
		}]
}
LOG::2021-05-10.18:00:39::SCWPlatform::Started generating the artifacts platform zc702
TRACE::2021-05-10.18:00:39::SCWPlatform::Sanity checking of platform is completed
LOG::2021-05-10.18:00:39::SCWPlatform::Started generating the artifacts for system configuration zc702
LOG::2021-05-10.18:00:39::SCWSystem::Checking the domain standalone_ps7_cortexa9_0
LOG::2021-05-10.18:00:39::SCWSystem::Not a boot domain 
LOG::2021-05-10.18:00:39::SCWSystem::Started Processing the domain standalone_ps7_cortexa9_0
TRACE::2021-05-10.18:00:39::SCWDomain::Generating domain artifcats
TRACE::2021-05-10.18:00:39::SCWMssOS::Generating standalone artifcats
TRACE::2021-05-10.18:00:39::SCWMssOS::Copying the qemu file from  /proj/xbuilds/2020.2_daily_latest/installs/lin64/Vitis/2020.2/data/emulation/platforms/zynq/sw/a9_standalone/qemu/qemu_args.txt To /tmp/git_export1/zc702/export/zc702/sw/zc702/qemu/
TRACE::2021-05-10.18:00:39::SCWMssOS::Copying the qemu file from  /proj/xbuilds/2020.2_daily_latest/installs/lin64/Vitis/2020.2/data/emulation/platforms/zynq/sw/a9_standalone/qemu/qemu_args.txt To /tmp/git_export1/zc702/export/zc702/sw/zc702/standalone_ps7_cortexa9_0/qemu/
TRACE::2021-05-10.18:00:39::SCWMssOS:: Copying the user libraries. 
TRACE::2021-05-10.18:00:39::SCWPlatform::Trying to open the hw design at /tmp/git_export1/zc702/hw/zc702.xsa
TRACE::2021-05-10.18:00:39::SCWPlatform::DSA given /tmp/git_export1/zc702/hw/zc702.xsa
TRACE::2021-05-10.18:00:39::SCWPlatform::DSA absoulate path /tmp/git_export1/zc702/hw/zc702.xsa
TRACE::2021-05-10.18:00:39::SCWPlatform::DSA directory /tmp/git_export1/zc702/hw
TRACE::2021-05-10.18:00:39::SCWPlatform:: Platform Path /tmp/git_export1/zc702/hw/zc702.xsa
TRACE::2021-05-10.18:00:39::SCWPlatform:: Unique name xilinx:zc702::0.0
TRACE::2021-05-10.18:00:39::SCWPlatform::Trying to set the existing hwdb with name design_1_wrapper_0
TRACE::2021-05-10.18:00:39::SCWPlatform::Opened existing hwdb design_1_wrapper_0
TRACE::2021-05-10.18:00:39::SCWPlatform::Found the Hw Db part of the input DSA
TRACE::2021-05-10.18:00:39::SCWMssOS::Checking the sw design at  /tmp/git_export1/zc702/ps7_cortexa9_0/standalone_ps7_cortexa9_0/bsp/system.mss
TRACE::2021-05-10.18:00:39::SCWMssOS::DEBUG:  swdes dump  /tmp/git_export1/zc702/ps7_cortexa9_0/standalone_ps7_cortexa9_0/bsp/system.mss|system||

TRACE::2021-05-10.18:00:39::SCWMssOS::Sw design exists and opened at  /tmp/git_export1/zc702/ps7_cortexa9_0/standalone_ps7_cortexa9_0/bsp/system.mss
TRACE::2021-05-10.18:00:39::SCWMssOS::Completed writing the mss file at /tmp/git_export1/zc702/ps7_cortexa9_0/standalone_ps7_cortexa9_0/bsp
TRACE::2021-05-10.18:00:39::SCWMssOS::Mss edits present, copying mssfile into export location /tmp/git_export1/zc702/ps7_cortexa9_0/standalone_ps7_cortexa9_0/bsp/system.mss
TRACE::2021-05-10.18:00:39::SCWMssOS::bsp generated is upto date with the mss file. Skipping bsp generation.
TRACE::2021-05-10.18:00:39::SCWMssOS::BSP is already built. skipping the bsp build ... 
TRACE::2021-05-10.18:00:39::SCWDomain::Skipping the build for domain :  standalone_ps7_cortexa9_0
TRACE::2021-05-10.18:00:39::SCWMssOS::skipping the bsp build ... 
TRACE::2021-05-10.18:00:39::SCWMssOS::Copying to export directory.
TRACE::2021-05-10.18:00:39::SCWMssOS:: Checking if to create the Supporting Applications
TRACE::2021-05-10.18:00:39::SCWMssOS:: No Linux domain exists, trying to generate FSBL 
TRACE::2021-05-10.18:00:39::SCWMssOS:: Completed Standalone Artifacts creation 
LOG::2021-05-10.18:00:39::SCWSystem::Completed Processing the domain standalone_ps7_cortexa9_0
LOG::2021-05-10.18:00:39::SCWSystem::Completed Processing the sysconfig zc702
LOG::2021-05-10.18:00:39::SCWPlatform::Completed generating the artifacts for system configuration zc702
TRACE::2021-05-10.18:00:39::SCWPlatform::Started preparing the platform 
TRACE::2021-05-10.18:00:39::SCWSystem::Writing the bif file for system config zc702
TRACE::2021-05-10.18:00:39::SCWSystem::dir created 
TRACE::2021-05-10.18:00:39::SCWSystem::Writing the bif 
TRACE::2021-05-10.18:00:39::SCWPlatform::Started writing the spfm file 
TRACE::2021-05-10.18:00:39::SCWPlatform::Started writing the xpfm file 
TRACE::2021-05-10.18:00:39::SCWPlatform::Completed generating the platform
TRACE::2021-05-10.18:00:39::SCWMssOS::Saving the mss changes /tmp/git_export1/zc702/ps7_cortexa9_0/standalone_ps7_cortexa9_0/bsp/system.mss
TRACE::2021-05-10.18:00:39::SCWMssOS::Found a swdesign opened with the mssfile.
TRACE::2021-05-10.18:00:39::SCWMssOS::Completed writemss as part of save.
TRACE::2021-05-10.18:00:39::SCWMssOS::Commit changes completed.
TRACE::2021-05-10.18:00:39::SCWPlatform::Trying to open the hw design at /tmp/git_export1/zc702/hw/zc702.xsa
TRACE::2021-05-10.18:00:39::SCWPlatform::DSA given /tmp/git_export1/zc702/hw/zc702.xsa
TRACE::2021-05-10.18:00:39::SCWPlatform::DSA absoulate path /tmp/git_export1/zc702/hw/zc702.xsa
TRACE::2021-05-10.18:00:39::SCWPlatform::DSA directory /tmp/git_export1/zc702/hw
TRACE::2021-05-10.18:00:39::SCWPlatform:: Platform Path /tmp/git_export1/zc702/hw/zc702.xsa
TRACE::2021-05-10.18:00:39::SCWPlatform:: Unique name xilinx:zc702::0.0
TRACE::2021-05-10.18:00:39::SCWPlatform::Trying to set the existing hwdb with name design_1_wrapper_0
TRACE::2021-05-10.18:00:39::SCWPlatform::Opened existing hwdb design_1_wrapper_0
TRACE::2021-05-10.18:00:39::SCWPlatform::Found the Hw Db part of the input DSA
TRACE::2021-05-10.18:00:39::SCWMssOS::Checking the sw design at  /tmp/git_export1/zc702/ps7_cortexa9_0/standalone_ps7_cortexa9_0/bsp/system.mss
TRACE::2021-05-10.18:00:39::SCWMssOS::DEBUG:  swdes dump  /tmp/git_export1/zc702/ps7_cortexa9_0/standalone_ps7_cortexa9_0/bsp/system.mss|system||

TRACE::2021-05-10.18:00:39::SCWMssOS::Sw design exists and opened at  /tmp/git_export1/zc702/ps7_cortexa9_0/standalone_ps7_cortexa9_0/bsp/system.mss
TRACE::2021-05-10.18:00:39::SCWPlatform::Trying to open the hw design at /tmp/git_export1/zc702/hw/zc702.xsa
TRACE::2021-05-10.18:00:39::SCWPlatform::DSA given /tmp/git_export1/zc702/hw/zc702.xsa
TRACE::2021-05-10.18:00:39::SCWPlatform::DSA absoulate path /tmp/git_export1/zc702/hw/zc702.xsa
TRACE::2021-05-10.18:00:39::SCWPlatform::DSA directory /tmp/git_export1/zc702/hw
TRACE::2021-05-10.18:00:39::SCWPlatform:: Platform Path /tmp/git_export1/zc702/hw/zc702.xsa
TRACE::2021-05-10.18:00:39::SCWPlatform:: Unique name xilinx:zc702::0.0
TRACE::2021-05-10.18:00:39::SCWPlatform::Trying to set the existing hwdb with name design_1_wrapper_0
TRACE::2021-05-10.18:00:39::SCWPlatform::Opened existing hwdb design_1_wrapper_0
TRACE::2021-05-10.18:00:39::SCWPlatform::Found the Hw Db part of the input DSA
TRACE::2021-05-10.18:00:39::SCWMssOS::Checking the sw design at  /tmp/git_export1/zc702/ps7_cortexa9_0/standalone_ps7_cortexa9_0/bsp/system.mss
TRACE::2021-05-10.18:00:39::SCWMssOS::DEBUG:  swdes dump  /tmp/git_export1/zc702/ps7_cortexa9_0/standalone_ps7_cortexa9_0/bsp/system.mss|system||

TRACE::2021-05-10.18:00:39::SCWMssOS::Sw design exists and opened at  /tmp/git_export1/zc702/ps7_cortexa9_0/standalone_ps7_cortexa9_0/bsp/system.mss
TRACE::2021-05-10.18:00:39::SCWPlatform::Trying to open the hw design at /tmp/git_export1/zc702/hw/zc702.xsa
TRACE::2021-05-10.18:00:39::SCWPlatform::DSA given /tmp/git_export1/zc702/hw/zc702.xsa
TRACE::2021-05-10.18:00:39::SCWPlatform::DSA absoulate path /tmp/git_export1/zc702/hw/zc702.xsa
TRACE::2021-05-10.18:00:39::SCWPlatform::DSA directory /tmp/git_export1/zc702/hw
TRACE::2021-05-10.18:00:39::SCWPlatform:: Platform Path /tmp/git_export1/zc702/hw/zc702.xsa
TRACE::2021-05-10.18:00:39::SCWPlatform:: Unique name xilinx:zc702::0.0
TRACE::2021-05-10.18:00:39::SCWPlatform::Trying to set the existing hwdb with name design_1_wrapper_0
TRACE::2021-05-10.18:00:39::SCWPlatform::Opened existing hwdb design_1_wrapper_0
TRACE::2021-05-10.18:00:39::SCWPlatform::Found the Hw Db part of the input DSA
TRACE::2021-05-10.18:00:39::SCWMssOS::Checking the sw design at  /tmp/git_export1/zc702/ps7_cortexa9_0/standalone_ps7_cortexa9_0/bsp/system.mss
TRACE::2021-05-10.18:00:39::SCWMssOS::DEBUG:  swdes dump  /tmp/git_export1/zc702/ps7_cortexa9_0/standalone_ps7_cortexa9_0/bsp/system.mss|system||

TRACE::2021-05-10.18:00:39::SCWMssOS::Sw design exists and opened at  /tmp/git_export1/zc702/ps7_cortexa9_0/standalone_ps7_cortexa9_0/bsp/system.mss
TRACE::2021-05-10.18:00:39::SCWWriter::formatted JSON is {
	"platformName":	"zc702",
	"sprVersion":	"2.0",
	"mode":	"gui",
	"dsaType":	"Fixed",
	"platformDesc":	"zc702",
	"platHandOff":	"/proj/xbuilds/2020.2_daily_latest/installs/lin64/Vitis/2020.2/data/embeddedsw/lib/fixed_hwplatforms/zc702.xsa",
	"platIntHandOff":	"<platformDir>/hw/zc702.xsa",
	"deviceType":	"zynq",
	"platIsPrebuiltAutogen":	"false",
	"platIsNoBootBsp":	"true",
	"hasFsblMakeHasChanges":	"false",
	"hasPmufwMakeHasChanges":	"false",
	"platPreBuiltFlag":	false,
	"platformSamplesDir":	"",
	"platActiveSys":	"zc702",
	"systems":	[{
			"systemName":	"zc702",
			"systemDesc":	"zc702",
			"sysIsBootAutoGen":	"true",
			"systemDispName":	"zc702",
			"sysActiveDom":	"standalone_ps7_cortexa9_0",
			"sysDefaultDom":	"standalone_ps7_cortexa9_0",
			"domains":	[{
					"domainName":	"standalone_ps7_cortexa9_0",
					"domainDispName":	"standalone_ps7_cortexa9_0",
					"domainDesc":	"standalone_ps7_cortexa9_0",
					"processors":	"ps7_cortexa9_0",
					"os":	"standalone",
					"sdxOs":	"standalone",
					"qemuArgs":	"/proj/xbuilds/2020.2_daily_latest/installs/lin64/Vitis/2020.2/data/emulation/platforms/zynq/sw/a9_standalone/qemu/qemu_args.txt",
					"qemuData":	"/proj/xbuilds/2020.2_daily_latest/installs/lin64/Vitis/2020.2/data/emulation/platforms/zynq/sw/a9_standalone/qemu/",
					"debugEnable":	"False",
					"domRuntimes":	["cpp"],
					"swRepo":	"",
					"mssOsVer":	"7.3",
					"mssFile":	"",
					"md5Digest":	"89698c41903a108f22ff01cec4bc34b1",
					"compatibleApp":	"hello_world",
					"domType":	"mssDomain",
					"arch":	"32-bit",
					"appSettings":	{
						"appCompilerFlags":	"",
						"appLinkerFlags":	""
					},
					"addedLibs":	[],
					"libOptions":	{
						"libsContainingOptions":	[]
					},
					"prebuiltLibs":	{
						"prebuiltIncPath":	[],
						"prebuiltLibPath":	[]
					},
					"isolation":	{
					}
				}]
		}]
}
KEYINFO::2021-05-10.18:00:39::SCWPlatform::updated the xpfm file.
TRACE::2021-05-10.18:00:39::SCWPlatform::Trying to open the hw design at /tmp/git_export1/zc702/hw/zc702.xsa
TRACE::2021-05-10.18:00:39::SCWPlatform::DSA given /tmp/git_export1/zc702/hw/zc702.xsa
TRACE::2021-05-10.18:00:39::SCWPlatform::DSA absoulate path /tmp/git_export1/zc702/hw/zc702.xsa
TRACE::2021-05-10.18:00:39::SCWPlatform::DSA directory /tmp/git_export1/zc702/hw
TRACE::2021-05-10.18:00:39::SCWPlatform:: Platform Path /tmp/git_export1/zc702/hw/zc702.xsa
TRACE::2021-05-10.18:00:39::SCWPlatform:: Unique name xilinx:zc702::0.0
TRACE::2021-05-10.18:00:39::SCWPlatform::Trying to set the existing hwdb with name design_1_wrapper_0
TRACE::2021-05-10.18:00:39::SCWPlatform::Opened existing hwdb design_1_wrapper_0
TRACE::2021-05-10.18:00:39::SCWPlatform::Found the Hw Db part of the input DSA
TRACE::2021-05-10.18:00:39::SCWMssOS::Checking the sw design at  /tmp/git_export1/zc702/ps7_cortexa9_0/standalone_ps7_cortexa9_0/bsp/system.mss
TRACE::2021-05-10.18:00:39::SCWMssOS::DEBUG:  swdes dump  /tmp/git_export1/zc702/ps7_cortexa9_0/standalone_ps7_cortexa9_0/bsp/system.mss|system||

TRACE::2021-05-10.18:00:39::SCWMssOS::Sw design exists and opened at  /tmp/git_export1/zc702/ps7_cortexa9_0/standalone_ps7_cortexa9_0/bsp/system.mss
TRACE::2021-05-10.18:00:39::SCWMssOS::Saving the mss changes /tmp/git_export1/zc702/ps7_cortexa9_0/standalone_ps7_cortexa9_0/bsp/system.mss
TRACE::2021-05-10.18:00:39::SCWMssOS::Found a swdesign opened with the mssfile.
TRACE::2021-05-10.18:00:39::SCWMssOS::Completed writemss as part of save.
TRACE::2021-05-10.18:00:39::SCWMssOS::Commit changes completed.
TRACE::2021-05-10.18:00:39::SCWPlatform::Trying to open the hw design at /tmp/git_export1/zc702/hw/zc702.xsa
TRACE::2021-05-10.18:00:39::SCWPlatform::DSA given /tmp/git_export1/zc702/hw/zc702.xsa
TRACE::2021-05-10.18:00:39::SCWPlatform::DSA absoulate path /tmp/git_export1/zc702/hw/zc702.xsa
TRACE::2021-05-10.18:00:39::SCWPlatform::DSA directory /tmp/git_export1/zc702/hw
TRACE::2021-05-10.18:00:39::SCWPlatform:: Platform Path /tmp/git_export1/zc702/hw/zc702.xsa
TRACE::2021-05-10.18:00:39::SCWPlatform:: Unique name xilinx:zc702::0.0
TRACE::2021-05-10.18:00:39::SCWPlatform::Trying to set the existing hwdb with name design_1_wrapper_0
TRACE::2021-05-10.18:00:39::SCWPlatform::Opened existing hwdb design_1_wrapper_0
TRACE::2021-05-10.18:00:39::SCWPlatform::Found the Hw Db part of the input DSA
TRACE::2021-05-10.18:00:39::SCWMssOS::Checking the sw design at  /tmp/git_export1/zc702/ps7_cortexa9_0/standalone_ps7_cortexa9_0/bsp/system.mss
TRACE::2021-05-10.18:00:39::SCWMssOS::DEBUG:  swdes dump  /tmp/git_export1/zc702/ps7_cortexa9_0/standalone_ps7_cortexa9_0/bsp/system.mss|system||

TRACE::2021-05-10.18:00:39::SCWMssOS::Sw design exists and opened at  /tmp/git_export1/zc702/ps7_cortexa9_0/standalone_ps7_cortexa9_0/bsp/system.mss
TRACE::2021-05-10.18:00:39::SCWPlatform::Trying to open the hw design at /tmp/git_export1/zc702/hw/zc702.xsa
TRACE::2021-05-10.18:00:39::SCWPlatform::DSA given /tmp/git_export1/zc702/hw/zc702.xsa
TRACE::2021-05-10.18:00:39::SCWPlatform::DSA absoulate path /tmp/git_export1/zc702/hw/zc702.xsa
TRACE::2021-05-10.18:00:39::SCWPlatform::DSA directory /tmp/git_export1/zc702/hw
TRACE::2021-05-10.18:00:39::SCWPlatform:: Platform Path /tmp/git_export1/zc702/hw/zc702.xsa
TRACE::2021-05-10.18:00:39::SCWPlatform:: Unique name xilinx:zc702::0.0
TRACE::2021-05-10.18:00:39::SCWPlatform::Trying to set the existing hwdb with name design_1_wrapper_0
TRACE::2021-05-10.18:00:39::SCWPlatform::Opened existing hwdb design_1_wrapper_0
TRACE::2021-05-10.18:00:39::SCWPlatform::Found the Hw Db part of the input DSA
TRACE::2021-05-10.18:00:39::SCWMssOS::Checking the sw design at  /tmp/git_export1/zc702/ps7_cortexa9_0/standalone_ps7_cortexa9_0/bsp/system.mss
TRACE::2021-05-10.18:00:39::SCWMssOS::DEBUG:  swdes dump  /tmp/git_export1/zc702/ps7_cortexa9_0/standalone_ps7_cortexa9_0/bsp/system.mss|system||

TRACE::2021-05-10.18:00:39::SCWMssOS::Sw design exists and opened at  /tmp/git_export1/zc702/ps7_cortexa9_0/standalone_ps7_cortexa9_0/bsp/system.mss
TRACE::2021-05-10.18:00:39::SCWPlatform::Trying to open the hw design at /tmp/git_export1/zc702/hw/zc702.xsa
TRACE::2021-05-10.18:00:39::SCWPlatform::DSA given /tmp/git_export1/zc702/hw/zc702.xsa
TRACE::2021-05-10.18:00:39::SCWPlatform::DSA absoulate path /tmp/git_export1/zc702/hw/zc702.xsa
TRACE::2021-05-10.18:00:39::SCWPlatform::DSA directory /tmp/git_export1/zc702/hw
TRACE::2021-05-10.18:00:39::SCWPlatform:: Platform Path /tmp/git_export1/zc702/hw/zc702.xsa
TRACE::2021-05-10.18:00:39::SCWPlatform:: Unique name xilinx:zc702::0.0
TRACE::2021-05-10.18:00:39::SCWPlatform::Trying to set the existing hwdb with name design_1_wrapper_0
TRACE::2021-05-10.18:00:39::SCWPlatform::Opened existing hwdb design_1_wrapper_0
TRACE::2021-05-10.18:00:39::SCWPlatform::Found the Hw Db part of the input DSA
TRACE::2021-05-10.18:00:39::SCWMssOS::Checking the sw design at  /tmp/git_export1/zc702/ps7_cortexa9_0/standalone_ps7_cortexa9_0/bsp/system.mss
TRACE::2021-05-10.18:00:39::SCWMssOS::DEBUG:  swdes dump  /tmp/git_export1/zc702/ps7_cortexa9_0/standalone_ps7_cortexa9_0/bsp/system.mss|system||

TRACE::2021-05-10.18:00:39::SCWMssOS::Sw design exists and opened at  /tmp/git_export1/zc702/ps7_cortexa9_0/standalone_ps7_cortexa9_0/bsp/system.mss
TRACE::2021-05-10.18:00:39::SCWWriter::formatted JSON is {
	"platformName":	"zc702",
	"sprVersion":	"2.0",
	"mode":	"gui",
	"dsaType":	"Fixed",
	"platformDesc":	"zc702",
	"platHandOff":	"/proj/xbuilds/2020.2_daily_latest/installs/lin64/Vitis/2020.2/data/embeddedsw/lib/fixed_hwplatforms/zc702.xsa",
	"platIntHandOff":	"<platformDir>/hw/zc702.xsa",
	"deviceType":	"zynq",
	"platIsPrebuiltAutogen":	"false",
	"platIsNoBootBsp":	"true",
	"hasFsblMakeHasChanges":	"false",
	"hasPmufwMakeHasChanges":	"false",
	"platPreBuiltFlag":	false,
	"platformSamplesDir":	"",
	"platActiveSys":	"zc702",
	"systems":	[{
			"systemName":	"zc702",
			"systemDesc":	"zc702",
			"sysIsBootAutoGen":	"true",
			"systemDispName":	"zc702",
			"sysActiveDom":	"standalone_ps7_cortexa9_0",
			"sysDefaultDom":	"standalone_ps7_cortexa9_0",
			"domains":	[{
					"domainName":	"standalone_ps7_cortexa9_0",
					"domainDispName":	"standalone_ps7_cortexa9_0",
					"domainDesc":	"standalone_ps7_cortexa9_0",
					"processors":	"ps7_cortexa9_0",
					"os":	"standalone",
					"sdxOs":	"standalone",
					"qemuArgs":	"/proj/xbuilds/2020.2_daily_latest/installs/lin64/Vitis/2020.2/data/emulation/platforms/zynq/sw/a9_standalone/qemu/qemu_args.txt",
					"qemuData":	"/proj/xbuilds/2020.2_daily_latest/installs/lin64/Vitis/2020.2/data/emulation/platforms/zynq/sw/a9_standalone/qemu/",
					"debugEnable":	"False",
					"domRuntimes":	["cpp"],
					"swRepo":	"",
					"mssOsVer":	"7.3",
					"mssFile":	"",
					"md5Digest":	"89698c41903a108f22ff01cec4bc34b1",
					"compatibleApp":	"hello_world",
					"domType":	"mssDomain",
					"arch":	"32-bit",
					"appSettings":	{
						"appCompilerFlags":	"",
						"appLinkerFlags":	""
					},
					"addedLibs":	[],
					"libOptions":	{
						"libsContainingOptions":	[]
					},
					"prebuiltLibs":	{
						"prebuiltIncPath":	[],
						"prebuiltLibPath":	[]
					},
					"isolation":	{
					}
				}]
		}]
}
TRACE::2021-05-10.18:00:39::SCWPlatform::Trying to open the hw design at /tmp/git_export1/zc702/hw/zc702.xsa
TRACE::2021-05-10.18:00:39::SCWPlatform::DSA given /tmp/git_export1/zc702/hw/zc702.xsa
TRACE::2021-05-10.18:00:39::SCWPlatform::DSA absoulate path /tmp/git_export1/zc702/hw/zc702.xsa
TRACE::2021-05-10.18:00:39::SCWPlatform::DSA directory /tmp/git_export1/zc702/hw
TRACE::2021-05-10.18:00:39::SCWPlatform:: Platform Path /tmp/git_export1/zc702/hw/zc702.xsa
TRACE::2021-05-10.18:00:39::SCWPlatform:: Unique name xilinx:zc702::0.0
TRACE::2021-05-10.18:00:39::SCWPlatform::Trying to set the existing hwdb with name design_1_wrapper_0
TRACE::2021-05-10.18:00:39::SCWPlatform::Opened existing hwdb design_1_wrapper_0
TRACE::2021-05-10.18:00:39::SCWPlatform::Found the Hw Db part of the input DSA
TRACE::2021-05-10.18:00:39::SCWMssOS::Checking the sw design at  /tmp/git_export1/zc702/ps7_cortexa9_0/standalone_ps7_cortexa9_0/bsp/system.mss
TRACE::2021-05-10.18:00:39::SCWMssOS::DEBUG:  swdes dump  /tmp/git_export1/zc702/ps7_cortexa9_0/standalone_ps7_cortexa9_0/bsp/system.mss|system||

TRACE::2021-05-10.18:00:39::SCWMssOS::Sw design exists and opened at  /tmp/git_export1/zc702/ps7_cortexa9_0/standalone_ps7_cortexa9_0/bsp/system.mss
TRACE::2021-05-10.18:00:39::SCWPlatform::Trying to open the hw design at /tmp/git_export1/zc702/hw/zc702.xsa
TRACE::2021-05-10.18:00:39::SCWPlatform::DSA given /tmp/git_export1/zc702/hw/zc702.xsa
TRACE::2021-05-10.18:00:39::SCWPlatform::DSA absoulate path /tmp/git_export1/zc702/hw/zc702.xsa
TRACE::2021-05-10.18:00:39::SCWPlatform::DSA directory /tmp/git_export1/zc702/hw
TRACE::2021-05-10.18:00:39::SCWPlatform:: Platform Path /tmp/git_export1/zc702/hw/zc702.xsa
TRACE::2021-05-10.18:00:39::SCWPlatform:: Unique name xilinx:zc702::0.0
TRACE::2021-05-10.18:00:39::SCWPlatform::Trying to set the existing hwdb with name design_1_wrapper_0
TRACE::2021-05-10.18:00:39::SCWPlatform::Opened existing hwdb design_1_wrapper_0
TRACE::2021-05-10.18:00:39::SCWPlatform::Found the Hw Db part of the input DSA
TRACE::2021-05-10.18:00:39::SCWMssOS::Checking the sw design at  /tmp/git_export1/zc702/ps7_cortexa9_0/standalone_ps7_cortexa9_0/bsp/system.mss
TRACE::2021-05-10.18:00:39::SCWMssOS::DEBUG:  swdes dump  /tmp/git_export1/zc702/ps7_cortexa9_0/standalone_ps7_cortexa9_0/bsp/system.mss|system||

TRACE::2021-05-10.18:00:39::SCWMssOS::Sw design exists and opened at  /tmp/git_export1/zc702/ps7_cortexa9_0/standalone_ps7_cortexa9_0/bsp/system.mss
TRACE::2021-05-10.18:00:39::SCWMssOS::Saving the mss changes /tmp/git_export1/zc702/ps7_cortexa9_0/standalone_ps7_cortexa9_0/bsp/system.mss
TRACE::2021-05-10.18:00:39::SCWMssOS::Found a swdesign opened with the mssfile.
TRACE::2021-05-10.18:00:39::SCWMssOS::Completed writemss as part of save.
TRACE::2021-05-10.18:00:39::SCWMssOS::Commit changes completed.
TRACE::2021-05-10.18:00:39::SCWPlatform::Trying to open the hw design at /tmp/git_export1/zc702/hw/zc702.xsa
TRACE::2021-05-10.18:00:39::SCWPlatform::DSA given /tmp/git_export1/zc702/hw/zc702.xsa
TRACE::2021-05-10.18:00:39::SCWPlatform::DSA absoulate path /tmp/git_export1/zc702/hw/zc702.xsa
TRACE::2021-05-10.18:00:39::SCWPlatform::DSA directory /tmp/git_export1/zc702/hw
TRACE::2021-05-10.18:00:39::SCWPlatform:: Platform Path /tmp/git_export1/zc702/hw/zc702.xsa
TRACE::2021-05-10.18:00:39::SCWPlatform:: Unique name xilinx:zc702::0.0
TRACE::2021-05-10.18:00:39::SCWPlatform::Trying to set the existing hwdb with name design_1_wrapper_0
TRACE::2021-05-10.18:00:39::SCWPlatform::Opened existing hwdb design_1_wrapper_0
TRACE::2021-05-10.18:00:39::SCWPlatform::Found the Hw Db part of the input DSA
TRACE::2021-05-10.18:00:39::SCWMssOS::Checking the sw design at  /tmp/git_export1/zc702/ps7_cortexa9_0/standalone_ps7_cortexa9_0/bsp/system.mss
TRACE::2021-05-10.18:00:39::SCWMssOS::DEBUG:  swdes dump  /tmp/git_export1/zc702/ps7_cortexa9_0/standalone_ps7_cortexa9_0/bsp/system.mss|system||

TRACE::2021-05-10.18:00:39::SCWMssOS::Sw design exists and opened at  /tmp/git_export1/zc702/ps7_cortexa9_0/standalone_ps7_cortexa9_0/bsp/system.mss
TRACE::2021-05-10.18:00:39::SCWPlatform::Trying to open the hw design at /tmp/git_export1/zc702/hw/zc702.xsa
TRACE::2021-05-10.18:00:39::SCWPlatform::DSA given /tmp/git_export1/zc702/hw/zc702.xsa
TRACE::2021-05-10.18:00:39::SCWPlatform::DSA absoulate path /tmp/git_export1/zc702/hw/zc702.xsa
TRACE::2021-05-10.18:00:39::SCWPlatform::DSA directory /tmp/git_export1/zc702/hw
TRACE::2021-05-10.18:00:39::SCWPlatform:: Platform Path /tmp/git_export1/zc702/hw/zc702.xsa
TRACE::2021-05-10.18:00:39::SCWPlatform:: Unique name xilinx:zc702::0.0
TRACE::2021-05-10.18:00:39::SCWPlatform::Trying to set the existing hwdb with name design_1_wrapper_0
TRACE::2021-05-10.18:00:39::SCWPlatform::Opened existing hwdb design_1_wrapper_0
TRACE::2021-05-10.18:00:39::SCWPlatform::Found the Hw Db part of the input DSA
TRACE::2021-05-10.18:00:39::SCWMssOS::Checking the sw design at  /tmp/git_export1/zc702/ps7_cortexa9_0/standalone_ps7_cortexa9_0/bsp/system.mss
TRACE::2021-05-10.18:00:39::SCWMssOS::DEBUG:  swdes dump  /tmp/git_export1/zc702/ps7_cortexa9_0/standalone_ps7_cortexa9_0/bsp/system.mss|system||

TRACE::2021-05-10.18:00:39::SCWMssOS::Sw design exists and opened at  /tmp/git_export1/zc702/ps7_cortexa9_0/standalone_ps7_cortexa9_0/bsp/system.mss
TRACE::2021-05-10.18:00:39::SCWPlatform::Trying to open the hw design at /tmp/git_export1/zc702/hw/zc702.xsa
TRACE::2021-05-10.18:00:39::SCWPlatform::DSA given /tmp/git_export1/zc702/hw/zc702.xsa
TRACE::2021-05-10.18:00:39::SCWPlatform::DSA absoulate path /tmp/git_export1/zc702/hw/zc702.xsa
TRACE::2021-05-10.18:00:39::SCWPlatform::DSA directory /tmp/git_export1/zc702/hw
TRACE::2021-05-10.18:00:39::SCWPlatform:: Platform Path /tmp/git_export1/zc702/hw/zc702.xsa
TRACE::2021-05-10.18:00:39::SCWPlatform:: Unique name xilinx:zc702::0.0
TRACE::2021-05-10.18:00:39::SCWPlatform::Trying to set the existing hwdb with name design_1_wrapper_0
TRACE::2021-05-10.18:00:39::SCWPlatform::Opened existing hwdb design_1_wrapper_0
TRACE::2021-05-10.18:00:39::SCWPlatform::Found the Hw Db part of the input DSA
TRACE::2021-05-10.18:00:39::SCWMssOS::Checking the sw design at  /tmp/git_export1/zc702/ps7_cortexa9_0/standalone_ps7_cortexa9_0/bsp/system.mss
TRACE::2021-05-10.18:00:39::SCWMssOS::DEBUG:  swdes dump  /tmp/git_export1/zc702/ps7_cortexa9_0/standalone_ps7_cortexa9_0/bsp/system.mss|system||

TRACE::2021-05-10.18:00:39::SCWMssOS::Sw design exists and opened at  /tmp/git_export1/zc702/ps7_cortexa9_0/standalone_ps7_cortexa9_0/bsp/system.mss
TRACE::2021-05-10.18:00:39::SCWWriter::formatted JSON is {
	"platformName":	"zc702",
	"sprVersion":	"2.0",
	"mode":	"gui",
	"dsaType":	"Fixed",
	"platformDesc":	"zc702",
	"platHandOff":	"/proj/xbuilds/2020.2_daily_latest/installs/lin64/Vitis/2020.2/data/embeddedsw/lib/fixed_hwplatforms/zc702.xsa",
	"platIntHandOff":	"<platformDir>/hw/zc702.xsa",
	"deviceType":	"zynq",
	"platIsPrebuiltAutogen":	"false",
	"platIsNoBootBsp":	"true",
	"hasFsblMakeHasChanges":	"false",
	"hasPmufwMakeHasChanges":	"false",
	"platPreBuiltFlag":	false,
	"platformSamplesDir":	"",
	"platActiveSys":	"zc702",
	"systems":	[{
			"systemName":	"zc702",
			"systemDesc":	"zc702",
			"sysIsBootAutoGen":	"true",
			"systemDispName":	"zc702",
			"sysActiveDom":	"standalone_ps7_cortexa9_0",
			"sysDefaultDom":	"standalone_ps7_cortexa9_0",
			"domains":	[{
					"domainName":	"standalone_ps7_cortexa9_0",
					"domainDispName":	"standalone_ps7_cortexa9_0",
					"domainDesc":	"standalone_ps7_cortexa9_0",
					"processors":	"ps7_cortexa9_0",
					"os":	"standalone",
					"sdxOs":	"standalone",
					"qemuArgs":	"/proj/xbuilds/2020.2_daily_latest/installs/lin64/Vitis/2020.2/data/emulation/platforms/zynq/sw/a9_standalone/qemu/qemu_args.txt",
					"qemuData":	"/proj/xbuilds/2020.2_daily_latest/installs/lin64/Vitis/2020.2/data/emulation/platforms/zynq/sw/a9_standalone/qemu/",
					"debugEnable":	"False",
					"domRuntimes":	["cpp"],
					"swRepo":	"",
					"mssOsVer":	"7.3",
					"mssFile":	"",
					"md5Digest":	"89698c41903a108f22ff01cec4bc34b1",
					"compatibleApp":	"hello_world",
					"domType":	"mssDomain",
					"arch":	"32-bit",
					"appSettings":	{
						"appCompilerFlags":	"",
						"appLinkerFlags":	""
					},
					"addedLibs":	[],
					"libOptions":	{
						"libsContainingOptions":	[]
					},
					"prebuiltLibs":	{
						"prebuiltIncPath":	[],
						"prebuiltLibPath":	[]
					},
					"isolation":	{
					}
				}]
		}]
}
LOG::2021-05-10.18:00:39::SCWPlatform::Started generating the artifacts platform zc702
TRACE::2021-05-10.18:00:39::SCWPlatform::Sanity checking of platform is completed
LOG::2021-05-10.18:00:39::SCWPlatform::Started generating the artifacts for system configuration zc702
LOG::2021-05-10.18:00:39::SCWSystem::Started Processing the domain standalone_ps7_cortexa9_0
TRACE::2021-05-10.18:00:39::SCWDomain::Generating domain artifcats
TRACE::2021-05-10.18:00:39::SCWMssOS::Generating standalone artifcats
TRACE::2021-05-10.18:00:39::SCWMssOS::Copying the qemu file from  /proj/xbuilds/2020.2_daily_latest/installs/lin64/Vitis/2020.2/data/emulation/platforms/zynq/sw/a9_standalone/qemu/qemu_args.txt To /tmp/git_export1/zc702/export/zc702/sw/zc702/qemu/
TRACE::2021-05-10.18:00:39::SCWMssOS::Copying the qemu file from  /proj/xbuilds/2020.2_daily_latest/installs/lin64/Vitis/2020.2/data/emulation/platforms/zynq/sw/a9_standalone/qemu/qemu_args.txt To /tmp/git_export1/zc702/export/zc702/sw/zc702/standalone_ps7_cortexa9_0/qemu/
TRACE::2021-05-10.18:00:39::SCWMssOS:: Copying the user libraries. 
TRACE::2021-05-10.18:00:39::SCWPlatform::Trying to open the hw design at /tmp/git_export1/zc702/hw/zc702.xsa
TRACE::2021-05-10.18:00:39::SCWPlatform::DSA given /tmp/git_export1/zc702/hw/zc702.xsa
TRACE::2021-05-10.18:00:39::SCWPlatform::DSA absoulate path /tmp/git_export1/zc702/hw/zc702.xsa
TRACE::2021-05-10.18:00:39::SCWPlatform::DSA directory /tmp/git_export1/zc702/hw
TRACE::2021-05-10.18:00:39::SCWPlatform:: Platform Path /tmp/git_export1/zc702/hw/zc702.xsa
TRACE::2021-05-10.18:00:39::SCWPlatform:: Unique name xilinx:zc702::0.0
TRACE::2021-05-10.18:00:39::SCWPlatform::Trying to set the existing hwdb with name design_1_wrapper_0
TRACE::2021-05-10.18:00:39::SCWPlatform::Opened existing hwdb design_1_wrapper_0
TRACE::2021-05-10.18:00:39::SCWPlatform::Found the Hw Db part of the input DSA
TRACE::2021-05-10.18:00:39::SCWMssOS::Checking the sw design at  /tmp/git_export1/zc702/ps7_cortexa9_0/standalone_ps7_cortexa9_0/bsp/system.mss
TRACE::2021-05-10.18:00:39::SCWMssOS::DEBUG:  swdes dump  /tmp/git_export1/zc702/ps7_cortexa9_0/standalone_ps7_cortexa9_0/bsp/system.mss|system||

TRACE::2021-05-10.18:00:39::SCWMssOS::Sw design exists and opened at  /tmp/git_export1/zc702/ps7_cortexa9_0/standalone_ps7_cortexa9_0/bsp/system.mss
TRACE::2021-05-10.18:00:39::SCWMssOS::Completed writing the mss file at /tmp/git_export1/zc702/ps7_cortexa9_0/standalone_ps7_cortexa9_0/bsp
TRACE::2021-05-10.18:00:39::SCWMssOS::Mss edits present, copying mssfile into export location /tmp/git_export1/zc702/ps7_cortexa9_0/standalone_ps7_cortexa9_0/bsp/system.mss
TRACE::2021-05-10.18:00:39::SCWMssOS::bsp generated is upto date with the mss file. Skipping bsp generation.
TRACE::2021-05-10.18:00:39::SCWMssOS::BSP is already built. skipping the bsp build ... 
TRACE::2021-05-10.18:00:39::SCWDomain::Building the domain as part of full build :  standalone_ps7_cortexa9_0
TRACE::2021-05-10.18:00:39::SCWMssOS::skipping the bsp build ... 
TRACE::2021-05-10.18:00:39::SCWMssOS::Copying to export directory.
TRACE::2021-05-10.18:00:39::SCWMssOS:: Checking if to create the Supporting Applications
TRACE::2021-05-10.18:00:39::SCWMssOS:: No Linux domain exists, trying to generate FSBL 
TRACE::2021-05-10.18:00:39::SCWMssOS:: Completed Standalone Artifacts creation 
LOG::2021-05-10.18:00:39::SCWSystem::Completed Processing the domain standalone_ps7_cortexa9_0
LOG::2021-05-10.18:00:39::SCWSystem::Completed Processing the sysconfig zc702
LOG::2021-05-10.18:00:39::SCWPlatform::Completed generating the artifacts for system configuration zc702
TRACE::2021-05-10.18:00:39::SCWPlatform::Started preparing the platform 
TRACE::2021-05-10.18:00:39::SCWSystem::Writing the bif file for system config zc702
TRACE::2021-05-10.18:00:39::SCWSystem::dir created 
TRACE::2021-05-10.18:00:39::SCWSystem::Writing the bif 
TRACE::2021-05-10.18:00:39::SCWPlatform::Started writing the spfm file 
TRACE::2021-05-10.18:00:39::SCWPlatform::Started writing the xpfm file 
TRACE::2021-05-10.18:00:39::SCWPlatform::Completed generating the platform
TRACE::2021-05-10.18:00:39::SCWMssOS::Saving the mss changes /tmp/git_export1/zc702/ps7_cortexa9_0/standalone_ps7_cortexa9_0/bsp/system.mss
TRACE::2021-05-10.18:00:39::SCWMssOS::Found a swdesign opened with the mssfile.
TRACE::2021-05-10.18:00:39::SCWMssOS::Completed writemss as part of save.
TRACE::2021-05-10.18:00:39::SCWMssOS::Commit changes completed.
TRACE::2021-05-10.18:00:39::SCWPlatform::Trying to open the hw design at /tmp/git_export1/zc702/hw/zc702.xsa
TRACE::2021-05-10.18:00:39::SCWPlatform::DSA given /tmp/git_export1/zc702/hw/zc702.xsa
TRACE::2021-05-10.18:00:39::SCWPlatform::DSA absoulate path /tmp/git_export1/zc702/hw/zc702.xsa
TRACE::2021-05-10.18:00:39::SCWPlatform::DSA directory /tmp/git_export1/zc702/hw
TRACE::2021-05-10.18:00:39::SCWPlatform:: Platform Path /tmp/git_export1/zc702/hw/zc702.xsa
TRACE::2021-05-10.18:00:39::SCWPlatform:: Unique name xilinx:zc702::0.0
TRACE::2021-05-10.18:00:39::SCWPlatform::Trying to set the existing hwdb with name design_1_wrapper_0
TRACE::2021-05-10.18:00:39::SCWPlatform::Opened existing hwdb design_1_wrapper_0
TRACE::2021-05-10.18:00:39::SCWPlatform::Found the Hw Db part of the input DSA
TRACE::2021-05-10.18:00:39::SCWMssOS::Checking the sw design at  /tmp/git_export1/zc702/ps7_cortexa9_0/standalone_ps7_cortexa9_0/bsp/system.mss
TRACE::2021-05-10.18:00:39::SCWMssOS::DEBUG:  swdes dump  /tmp/git_export1/zc702/ps7_cortexa9_0/standalone_ps7_cortexa9_0/bsp/system.mss|system||

TRACE::2021-05-10.18:00:39::SCWMssOS::Sw design exists and opened at  /tmp/git_export1/zc702/ps7_cortexa9_0/standalone_ps7_cortexa9_0/bsp/system.mss
TRACE::2021-05-10.18:00:39::SCWPlatform::Trying to open the hw design at /tmp/git_export1/zc702/hw/zc702.xsa
TRACE::2021-05-10.18:00:39::SCWPlatform::DSA given /tmp/git_export1/zc702/hw/zc702.xsa
TRACE::2021-05-10.18:00:39::SCWPlatform::DSA absoulate path /tmp/git_export1/zc702/hw/zc702.xsa
TRACE::2021-05-10.18:00:39::SCWPlatform::DSA directory /tmp/git_export1/zc702/hw
TRACE::2021-05-10.18:00:39::SCWPlatform:: Platform Path /tmp/git_export1/zc702/hw/zc702.xsa
TRACE::2021-05-10.18:00:39::SCWPlatform:: Unique name xilinx:zc702::0.0
TRACE::2021-05-10.18:00:39::SCWPlatform::Trying to set the existing hwdb with name design_1_wrapper_0
TRACE::2021-05-10.18:00:39::SCWPlatform::Opened existing hwdb design_1_wrapper_0
TRACE::2021-05-10.18:00:39::SCWPlatform::Found the Hw Db part of the input DSA
TRACE::2021-05-10.18:00:39::SCWMssOS::Checking the sw design at  /tmp/git_export1/zc702/ps7_cortexa9_0/standalone_ps7_cortexa9_0/bsp/system.mss
TRACE::2021-05-10.18:00:39::SCWMssOS::DEBUG:  swdes dump  /tmp/git_export1/zc702/ps7_cortexa9_0/standalone_ps7_cortexa9_0/bsp/system.mss|system||

TRACE::2021-05-10.18:00:39::SCWMssOS::Sw design exists and opened at  /tmp/git_export1/zc702/ps7_cortexa9_0/standalone_ps7_cortexa9_0/bsp/system.mss
TRACE::2021-05-10.18:00:39::SCWPlatform::Trying to open the hw design at /tmp/git_export1/zc702/hw/zc702.xsa
TRACE::2021-05-10.18:00:39::SCWPlatform::DSA given /tmp/git_export1/zc702/hw/zc702.xsa
TRACE::2021-05-10.18:00:39::SCWPlatform::DSA absoulate path /tmp/git_export1/zc702/hw/zc702.xsa
TRACE::2021-05-10.18:00:39::SCWPlatform::DSA directory /tmp/git_export1/zc702/hw
TRACE::2021-05-10.18:00:39::SCWPlatform:: Platform Path /tmp/git_export1/zc702/hw/zc702.xsa
TRACE::2021-05-10.18:00:39::SCWPlatform:: Unique name xilinx:zc702::0.0
TRACE::2021-05-10.18:00:39::SCWPlatform::Trying to set the existing hwdb with name design_1_wrapper_0
TRACE::2021-05-10.18:00:39::SCWPlatform::Opened existing hwdb design_1_wrapper_0
TRACE::2021-05-10.18:00:39::SCWPlatform::Found the Hw Db part of the input DSA
TRACE::2021-05-10.18:00:39::SCWMssOS::Checking the sw design at  /tmp/git_export1/zc702/ps7_cortexa9_0/standalone_ps7_cortexa9_0/bsp/system.mss
TRACE::2021-05-10.18:00:39::SCWMssOS::DEBUG:  swdes dump  /tmp/git_export1/zc702/ps7_cortexa9_0/standalone_ps7_cortexa9_0/bsp/system.mss|system||

TRACE::2021-05-10.18:00:39::SCWMssOS::Sw design exists and opened at  /tmp/git_export1/zc702/ps7_cortexa9_0/standalone_ps7_cortexa9_0/bsp/system.mss
TRACE::2021-05-10.18:00:39::SCWWriter::formatted JSON is {
	"platformName":	"zc702",
	"sprVersion":	"2.0",
	"mode":	"gui",
	"dsaType":	"Fixed",
	"platformDesc":	"zc702",
	"platHandOff":	"/proj/xbuilds/2020.2_daily_latest/installs/lin64/Vitis/2020.2/data/embeddedsw/lib/fixed_hwplatforms/zc702.xsa",
	"platIntHandOff":	"<platformDir>/hw/zc702.xsa",
	"deviceType":	"zynq",
	"platIsPrebuiltAutogen":	"false",
	"platIsNoBootBsp":	"true",
	"hasFsblMakeHasChanges":	"false",
	"hasPmufwMakeHasChanges":	"false",
	"platPreBuiltFlag":	false,
	"platformSamplesDir":	"",
	"platActiveSys":	"zc702",
	"systems":	[{
			"systemName":	"zc702",
			"systemDesc":	"zc702",
			"sysIsBootAutoGen":	"true",
			"systemDispName":	"zc702",
			"sysActiveDom":	"standalone_ps7_cortexa9_0",
			"sysDefaultDom":	"standalone_ps7_cortexa9_0",
			"domains":	[{
					"domainName":	"standalone_ps7_cortexa9_0",
					"domainDispName":	"standalone_ps7_cortexa9_0",
					"domainDesc":	"standalone_ps7_cortexa9_0",
					"processors":	"ps7_cortexa9_0",
					"os":	"standalone",
					"sdxOs":	"standalone",
					"qemuArgs":	"/proj/xbuilds/2020.2_daily_latest/installs/lin64/Vitis/2020.2/data/emulation/platforms/zynq/sw/a9_standalone/qemu/qemu_args.txt",
					"qemuData":	"/proj/xbuilds/2020.2_daily_latest/installs/lin64/Vitis/2020.2/data/emulation/platforms/zynq/sw/a9_standalone/qemu/",
					"debugEnable":	"False",
					"domRuntimes":	["cpp"],
					"swRepo":	"",
					"mssOsVer":	"7.3",
					"mssFile":	"",
					"md5Digest":	"89698c41903a108f22ff01cec4bc34b1",
					"compatibleApp":	"hello_world",
					"domType":	"mssDomain",
					"arch":	"32-bit",
					"appSettings":	{
						"appCompilerFlags":	"",
						"appLinkerFlags":	""
					},
					"addedLibs":	[],
					"libOptions":	{
						"libsContainingOptions":	[]
					},
					"prebuiltLibs":	{
						"prebuiltIncPath":	[],
						"prebuiltLibPath":	[]
					},
					"isolation":	{
					}
				}]
		}]
}
KEYINFO::2021-05-10.18:00:39::SCWPlatform::updated the xpfm file.
LOG::2021-05-10.18:00:56::SCWPlatform::Started generating the artifacts platform zc702
TRACE::2021-05-10.18:00:56::SCWPlatform::Sanity checking of platform is completed
LOG::2021-05-10.18:00:56::SCWPlatform::Started generating the artifacts for system configuration zc702
LOG::2021-05-10.18:00:56::SCWSystem::Checking the domain standalone_ps7_cortexa9_0
LOG::2021-05-10.18:00:56::SCWSystem::Not a boot domain 
LOG::2021-05-10.18:00:56::SCWSystem::Started Processing the domain standalone_ps7_cortexa9_0
TRACE::2021-05-10.18:00:56::SCWDomain::Generating domain artifcats
TRACE::2021-05-10.18:00:56::SCWMssOS::Generating standalone artifcats
TRACE::2021-05-10.18:00:56::SCWMssOS::Copying the qemu file from  /proj/xbuilds/2020.2_daily_latest/installs/lin64/Vitis/2020.2/data/emulation/platforms/zynq/sw/a9_standalone/qemu/qemu_args.txt To /tmp/git_export1/zc702/export/zc702/sw/zc702/qemu/
TRACE::2021-05-10.18:00:56::SCWMssOS::Copying the qemu file from  /proj/xbuilds/2020.2_daily_latest/installs/lin64/Vitis/2020.2/data/emulation/platforms/zynq/sw/a9_standalone/qemu/qemu_args.txt To /tmp/git_export1/zc702/export/zc702/sw/zc702/standalone_ps7_cortexa9_0/qemu/
TRACE::2021-05-10.18:00:56::SCWMssOS:: Copying the user libraries. 
TRACE::2021-05-10.18:00:56::SCWPlatform::Trying to open the hw design at /tmp/git_export1/zc702/hw/zc702.xsa
TRACE::2021-05-10.18:00:56::SCWPlatform::DSA given /tmp/git_export1/zc702/hw/zc702.xsa
TRACE::2021-05-10.18:00:56::SCWPlatform::DSA absoulate path /tmp/git_export1/zc702/hw/zc702.xsa
TRACE::2021-05-10.18:00:56::SCWPlatform::DSA directory /tmp/git_export1/zc702/hw
TRACE::2021-05-10.18:00:56::SCWPlatform:: Platform Path /tmp/git_export1/zc702/hw/zc702.xsa
TRACE::2021-05-10.18:00:56::SCWPlatform:: Unique name xilinx:zc702::0.0
TRACE::2021-05-10.18:00:56::SCWPlatform::Trying to set the existing hwdb with name design_1_wrapper_0
TRACE::2021-05-10.18:00:56::SCWPlatform::Opened existing hwdb design_1_wrapper_0
TRACE::2021-05-10.18:00:56::SCWPlatform::Found the Hw Db part of the input DSA
TRACE::2021-05-10.18:00:56::SCWMssOS::Checking the sw design at  /tmp/git_export1/zc702/ps7_cortexa9_0/standalone_ps7_cortexa9_0/bsp/system.mss
TRACE::2021-05-10.18:00:56::SCWMssOS::DEBUG:  swdes dump  /tmp/git_export1/zc702/ps7_cortexa9_0/standalone_ps7_cortexa9_0/bsp/system.mss|system||

TRACE::2021-05-10.18:00:56::SCWMssOS::Sw design exists and opened at  /tmp/git_export1/zc702/ps7_cortexa9_0/standalone_ps7_cortexa9_0/bsp/system.mss
TRACE::2021-05-10.18:00:56::SCWMssOS::Completed writing the mss file at /tmp/git_export1/zc702/ps7_cortexa9_0/standalone_ps7_cortexa9_0/bsp
TRACE::2021-05-10.18:00:56::SCWMssOS::Mss edits present, copying mssfile into export location /tmp/git_export1/zc702/ps7_cortexa9_0/standalone_ps7_cortexa9_0/bsp/system.mss
TRACE::2021-05-10.18:00:56::SCWMssOS::bsp generated is upto date with the mss file. Skipping bsp generation.
TRACE::2021-05-10.18:00:56::SCWMssOS::BSP is already built. skipping the bsp build ... 
TRACE::2021-05-10.18:00:56::SCWDomain::Building the domain as part of full build :  standalone_ps7_cortexa9_0
TRACE::2021-05-10.18:00:56::SCWMssOS::doing bsp build ... 
TRACE::2021-05-10.18:00:56::SCWMssOS::System Command Ran  cd  /tmp/git_export1/zc702/ps7_cortexa9_0/standalone_ps7_cortexa9_0/bsp ; bash -c "make  " 
TRACE::2021-05-10.18:00:56::SCWMssOS::make --no-print-directory seq_libs

TRACE::2021-05-10.18:00:56::SCWMssOS::Finished building libraries sequentially.

TRACE::2021-05-10.18:00:56::SCWMssOS::make -j --no-print-directory par_libs

TRACE::2021-05-10.18:00:56::SCWMssOS::Running Make include in ps7_cortexa9_0/libsrc/gpiops_v3_8/src

TRACE::2021-05-10.18:00:56::SCWMssOS::make -C ps7_cortexa9_0/libsrc/gpiops_v3_8/src -s include  "SHELL=/bin/sh" "COMPILER=arm-none-eabi-gcc" "ASSEMBLER=arm-none-eabi
TRACE::2021-05-10.18:00:56::SCWMssOS::-as" "ARCHIVER=arm-none-eabi-ar" "COMPILER_FLAGS=  -O2 -c" "EXTRA_COMPILER_FLAGS=-mcpu=cortex-a9 -mfpu=vfpv3 -mfloat-abi=hard -
TRACE::2021-05-10.18:00:56::SCWMssOS::nostartfiles -g -Wall -Wextra"

TRACE::2021-05-10.18:00:56::SCWMssOS::Running Make include in ps7_cortexa9_0/libsrc/scuwdt_v2_3/src

TRACE::2021-05-10.18:00:56::SCWMssOS::Running Make include in ps7_cortexa9_0/libsrc/emacps_v3_12/src

TRACE::2021-05-10.18:00:56::SCWMssOS::make -C ps7_cortexa9_0/libsrc/scuwdt_v2_3/src -s include  "SHELL=/bin/sh" "COMPILER=arm-none-eabi-gcc" "ASSEMBLER=arm-none-eabi
TRACE::2021-05-10.18:00:56::SCWMssOS::-as" "ARCHIVER=arm-none-eabi-ar" "COMPILER_FLAGS=  -O2 -c" "EXTRA_COMPILER_FLAGS=-mcpu=cortex-a9 -mfpu=vfpv3 -mfloat-abi=hard -
TRACE::2021-05-10.18:00:56::SCWMssOS::nostartfiles -g -Wall -Wextra"

TRACE::2021-05-10.18:00:56::SCWMssOS::make -C ps7_cortexa9_0/libsrc/emacps_v3_12/src -s include  "SHELL=/bin/sh" "COMPILER=arm-none-eabi-gcc" "ASSEMBLER=arm-none-eab
TRACE::2021-05-10.18:00:56::SCWMssOS::i-as" "ARCHIVER=arm-none-eabi-ar" "COMPILER_FLAGS=  -O2 -c" "EXTRA_COMPILER_FLAGS=-mcpu=cortex-a9 -mfpu=vfpv3 -mfloat-abi=hard 
TRACE::2021-05-10.18:00:56::SCWMssOS::-nostartfiles -g -Wall -Wextra"

TRACE::2021-05-10.18:00:56::SCWMssOS::Running Make include in ps7_cortexa9_0/libsrc/ttcps_v3_12/src

TRACE::2021-05-10.18:00:56::SCWMssOS::Running Make include in ps7_cortexa9_0/libsrc/standalone_v7_3/src

TRACE::2021-05-10.18:00:56::SCWMssOS::make -C ps7_cortexa9_0/libsrc/ttcps_v3_12/src -s include  "SHELL=/bin/sh" "COMPILER=arm-none-eabi-gcc" "ASSEMBLER=arm-none-eabi
TRACE::2021-05-10.18:00:56::SCWMssOS::-as" "ARCHIVER=arm-none-eabi-ar" "COMPILER_FLAGS=  -O2 -c" "EXTRA_COMPILER_FLAGS=-mcpu=cortex-a9 -mfpu=vfpv3 -mfloat-abi=hard -
TRACE::2021-05-10.18:00:56::SCWMssOS::nostartfiles -g -Wall -Wextra"

TRACE::2021-05-10.18:00:56::SCWMssOS::make -C ps7_cortexa9_0/libsrc/standalone_v7_3/src -s include  "SHELL=/bin/sh" "COMPILER=arm-none-eabi-gcc" "ASSEMBLER=arm-none-
TRACE::2021-05-10.18:00:56::SCWMssOS::eabi-as" "ARCHIVER=arm-none-eabi-ar" "COMPILER_FLAGS=  -O2 -c" "EXTRA_COMPILER_FLAGS=-mcpu=cortex-a9 -mfpu=vfpv3 -mfloat-abi=ha
TRACE::2021-05-10.18:00:56::SCWMssOS::rd -nostartfiles -g -Wall -Wextra"

TRACE::2021-05-10.18:00:56::SCWMssOS::Running Make include in ps7_cortexa9_0/libsrc/usbps_v2_6/src

TRACE::2021-05-10.18:00:56::SCWMssOS::Running Make include in ps7_cortexa9_0/libsrc/cpu_cortexa9_v2_10/src

TRACE::2021-05-10.18:00:56::SCWMssOS::make -C ps7_cortexa9_0/libsrc/usbps_v2_6/src -s include  "SHELL=/bin/sh" "COMPILER=arm-none-eabi-gcc" "ASSEMBLER=arm-none-eabi-
TRACE::2021-05-10.18:00:56::SCWMssOS::as" "ARCHIVER=arm-none-eabi-ar" "COMPILER_FLAGS=  -O2 -c" "EXTRA_COMPILER_FLAGS=-mcpu=cortex-a9 -mfpu=vfpv3 -mfloat-abi=hard -n
TRACE::2021-05-10.18:00:56::SCWMssOS::ostartfiles -g -Wall -Wextra"

TRACE::2021-05-10.18:00:56::SCWMssOS::make -C ps7_cortexa9_0/libsrc/cpu_cortexa9_v2_10/src -s include  "SHELL=/bin/sh" "COMPILER=arm-none-eabi-gcc" "ASSEMBLER=arm-no
TRACE::2021-05-10.18:00:56::SCWMssOS::ne-eabi-as" "ARCHIVER=arm-none-eabi-ar" "COMPILER_FLAGS=  -O2 -c" "EXTRA_COMPILER_FLAGS=-mcpu=cortex-a9 -mfpu=vfpv3 -mfloat-abi
TRACE::2021-05-10.18:00:56::SCWMssOS::=hard -nostartfiles -g -Wall -Wextra"

TRACE::2021-05-10.18:00:56::SCWMssOS::Running Make include in ps7_cortexa9_0/libsrc/devcfg_v3_7/src

TRACE::2021-05-10.18:00:56::SCWMssOS::make -C ps7_cortexa9_0/libsrc/devcfg_v3_7/src -s include  "SHELL=/bin/sh" "COMPILER=arm-none-eabi-gcc" "ASSEMBLER=arm-none-eabi
TRACE::2021-05-10.18:00:56::SCWMssOS::-as" "ARCHIVER=arm-none-eabi-ar" "COMPILER_FLAGS=  -O2 -c" "EXTRA_COMPILER_FLAGS=-mcpu=cortex-a9 -mfpu=vfpv3 -mfloat-abi=hard -
TRACE::2021-05-10.18:00:56::SCWMssOS::nostartfiles -g -Wall -Wextra"

TRACE::2021-05-10.18:00:56::SCWMssOS::Running Make include in ps7_cortexa9_0/libsrc/iicps_v3_12/src

TRACE::2021-05-10.18:00:56::SCWMssOS::make -C ps7_cortexa9_0/libsrc/iicps_v3_12/src -s include  "SHELL=/bin/sh" "COMPILER=arm-none-eabi-gcc" "ASSEMBLER=arm-none-eabi
TRACE::2021-05-10.18:00:56::SCWMssOS::-as" "ARCHIVER=arm-none-eabi-ar" "COMPILER_FLAGS=  -O2 -c" "EXTRA_COMPILER_FLAGS=-mcpu=cortex-a9 -mfpu=vfpv3 -mfloat-abi=hard -
TRACE::2021-05-10.18:00:56::SCWMssOS::nostartfiles -g -Wall -Wextra"

TRACE::2021-05-10.18:00:56::SCWMssOS::Running Make include in ps7_cortexa9_0/libsrc/scutimer_v2_3/src

TRACE::2021-05-10.18:00:56::SCWMssOS::make -C ps7_cortexa9_0/libsrc/scutimer_v2_3/src -s include  "SHELL=/bin/sh" "COMPILER=arm-none-eabi-gcc" "ASSEMBLER=arm-none-ea
TRACE::2021-05-10.18:00:56::SCWMssOS::bi-as" "ARCHIVER=arm-none-eabi-ar" "COMPILER_FLAGS=  -O2 -c" "EXTRA_COMPILER_FLAGS=-mcpu=cortex-a9 -mfpu=vfpv3 -mfloat-abi=hard
TRACE::2021-05-10.18:00:56::SCWMssOS:: -nostartfiles -g -Wall -Wextra"

TRACE::2021-05-10.18:00:56::SCWMssOS::Running Make include in ps7_cortexa9_0/libsrc/canps_v3_5/src

TRACE::2021-05-10.18:00:56::SCWMssOS::make -C ps7_cortexa9_0/libsrc/canps_v3_5/src -s include  "SHELL=/bin/sh" "COMPILER=arm-none-eabi-gcc" "ASSEMBLER=arm-none-eabi-
TRACE::2021-05-10.18:00:56::SCWMssOS::as" "ARCHIVER=arm-none-eabi-ar" "COMPILER_FLAGS=  -O2 -c" "EXTRA_COMPILER_FLAGS=-mcpu=cortex-a9 -mfpu=vfpv3 -mfloat-abi=hard -n
TRACE::2021-05-10.18:00:56::SCWMssOS::ostartfiles -g -Wall -Wextra"

TRACE::2021-05-10.18:00:56::SCWMssOS::Running Make include in ps7_cortexa9_0/libsrc/xadcps_v2_5/src

TRACE::2021-05-10.18:00:56::SCWMssOS::make -C ps7_cortexa9_0/libsrc/xadcps_v2_5/src -s include  "SHELL=/bin/sh" "COMPILER=arm-none-eabi-gcc" "ASSEMBLER=arm-none-eabi
TRACE::2021-05-10.18:00:56::SCWMssOS::-as" "ARCHIVER=arm-none-eabi-ar" "COMPILER_FLAGS=  -O2 -c" "EXTRA_COMPILER_FLAGS=-mcpu=cortex-a9 -mfpu=vfpv3 -mfloat-abi=hard -
TRACE::2021-05-10.18:00:56::SCWMssOS::nostartfiles -g -Wall -Wextra"

TRACE::2021-05-10.18:00:56::SCWMssOS::Running Make include in ps7_cortexa9_0/libsrc/coresightps_dcc_v1_8/src

TRACE::2021-05-10.18:00:56::SCWMssOS::make -C ps7_cortexa9_0/libsrc/coresightps_dcc_v1_8/src -s include  "SHELL=/bin/sh" "COMPILER=arm-none-eabi-gcc" "ASSEMBLER=arm-
TRACE::2021-05-10.18:00:56::SCWMssOS::none-eabi-as" "ARCHIVER=arm-none-eabi-ar" "COMPILER_FLAGS=  -O2 -c" "EXTRA_COMPILER_FLAGS=-mcpu=cortex-a9 -mfpu=vfpv3 -mfloat-a
TRACE::2021-05-10.18:00:56::SCWMssOS::bi=hard -nostartfiles -g -Wall -Wextra"

TRACE::2021-05-10.18:00:56::SCWMssOS::Running Make include in ps7_cortexa9_0/libsrc/sdps_v3_10/src

TRACE::2021-05-10.18:00:56::SCWMssOS::make -C ps7_cortexa9_0/libsrc/sdps_v3_10/src -s include  "SHELL=/bin/sh" "COMPILER=arm-none-eabi-gcc" "ASSEMBLER=arm-none-eabi-
TRACE::2021-05-10.18:00:56::SCWMssOS::as" "ARCHIVER=arm-none-eabi-ar" "COMPILER_FLAGS=  -O2 -c" "EXTRA_COMPILER_FLAGS=-mcpu=cortex-a9 -mfpu=vfpv3 -mfloat-abi=hard -n
TRACE::2021-05-10.18:00:56::SCWMssOS::ostartfiles -g -Wall -Wextra"

TRACE::2021-05-10.18:00:56::SCWMssOS::Running Make include in ps7_cortexa9_0/libsrc/ddrps_v1_2/src

TRACE::2021-05-10.18:00:56::SCWMssOS::make -C ps7_cortexa9_0/libsrc/ddrps_v1_2/src -s include  "SHELL=/bin/sh" "COMPILER=arm-none-eabi-gcc" "ASSEMBLER=arm-none-eabi-
TRACE::2021-05-10.18:00:56::SCWMssOS::as" "ARCHIVER=arm-none-eabi-ar" "COMPILER_FLAGS=  -O2 -c" "EXTRA_COMPILER_FLAGS=-mcpu=cortex-a9 -mfpu=vfpv3 -mfloat-abi=hard -n
TRACE::2021-05-10.18:00:56::SCWMssOS::ostartfiles -g -Wall -Wextra"

TRACE::2021-05-10.18:00:56::SCWMssOS::Running Make include in ps7_cortexa9_0/libsrc/uartps_v3_10/src

TRACE::2021-05-10.18:00:56::SCWMssOS::make -C ps7_cortexa9_0/libsrc/uartps_v3_10/src -s include  "SHELL=/bin/sh" "COMPILER=arm-none-eabi-gcc" "ASSEMBLER=arm-none-eab
TRACE::2021-05-10.18:00:56::SCWMssOS::i-as" "ARCHIVER=arm-none-eabi-ar" "COMPILER_FLAGS=  -O2 -c" "EXTRA_COMPILER_FLAGS=-mcpu=cortex-a9 -mfpu=vfpv3 -mfloat-abi=hard 
TRACE::2021-05-10.18:00:56::SCWMssOS::-nostartfiles -g -Wall -Wextra"

TRACE::2021-05-10.18:00:56::SCWMssOS::Running Make include in ps7_cortexa9_0/libsrc/qspips_v3_8/src

TRACE::2021-05-10.18:00:56::SCWMssOS::make -C ps7_cortexa9_0/libsrc/qspips_v3_8/src -s include  "SHELL=/bin/sh" "COMPILER=arm-none-eabi-gcc" "ASSEMBLER=arm-none-eabi
TRACE::2021-05-10.18:00:56::SCWMssOS::-as" "ARCHIVER=arm-none-eabi-ar" "COMPILER_FLAGS=  -O2 -c" "EXTRA_COMPILER_FLAGS=-mcpu=cortex-a9 -mfpu=vfpv3 -mfloat-abi=hard -
TRACE::2021-05-10.18:00:56::SCWMssOS::nostartfiles -g -Wall -Wextra"

TRACE::2021-05-10.18:00:56::SCWMssOS::Running Make include in ps7_cortexa9_0/libsrc/scugic_v4_3/src

TRACE::2021-05-10.18:00:56::SCWMssOS::make -C ps7_cortexa9_0/libsrc/scugic_v4_3/src -s include  "SHELL=/bin/sh" "COMPILER=arm-none-eabi-gcc" "ASSEMBLER=arm-none-eabi
TRACE::2021-05-10.18:00:56::SCWMssOS::-as" "ARCHIVER=arm-none-eabi-ar" "COMPILER_FLAGS=  -O2 -c" "EXTRA_COMPILER_FLAGS=-mcpu=cortex-a9 -mfpu=vfpv3 -mfloat-abi=hard -
TRACE::2021-05-10.18:00:56::SCWMssOS::nostartfiles -g -Wall -Wextra"

TRACE::2021-05-10.18:00:56::SCWMssOS::Running Make include in ps7_cortexa9_0/libsrc/dmaps_v2_7/src

TRACE::2021-05-10.18:00:56::SCWMssOS::make -C ps7_cortexa9_0/libsrc/dmaps_v2_7/src -s include  "SHELL=/bin/sh" "COMPILER=arm-none-eabi-gcc" "ASSEMBLER=arm-none-eabi-
TRACE::2021-05-10.18:00:56::SCWMssOS::as" "ARCHIVER=arm-none-eabi-ar" "COMPILER_FLAGS=  -O2 -c" "EXTRA_COMPILER_FLAGS=-mcpu=cortex-a9 -mfpu=vfpv3 -mfloat-abi=hard -n
TRACE::2021-05-10.18:00:56::SCWMssOS::ostartfiles -g -Wall -Wextra"

TRACE::2021-05-10.18:00:56::SCWMssOS::Running Make libs in ps7_cortexa9_0/libsrc/gpiops_v3_8/src

TRACE::2021-05-10.18:00:56::SCWMssOS::make -C ps7_cortexa9_0/libsrc/gpiops_v3_8/src -s libs  "SHELL=/bin/sh" "COMPILER=arm-none-eabi-gcc" "ASSEMBLER=arm-none-eabi-as
TRACE::2021-05-10.18:00:56::SCWMssOS::" "ARCHIVER=arm-none-eabi-ar" "COMPILER_FLAGS=  -O2 -c" "EXTRA_COMPILER_FLAGS=-mcpu=cortex-a9 -mfpu=vfpv3 -mfloat-abi=hard -nos
TRACE::2021-05-10.18:00:56::SCWMssOS::tartfiles -g -Wall -Wextra"

TRACE::2021-05-10.18:00:56::SCWMssOS::Running Make libs in ps7_cortexa9_0/libsrc/scuwdt_v2_3/src

TRACE::2021-05-10.18:00:56::SCWMssOS::Running Make libs in ps7_cortexa9_0/libsrc/emacps_v3_12/src

TRACE::2021-05-10.18:00:56::SCWMssOS::make -C ps7_cortexa9_0/libsrc/scuwdt_v2_3/src -s libs  "SHELL=/bin/sh" "COMPILER=arm-none-eabi-gcc" "ASSEMBLER=arm-none-eabi-as
TRACE::2021-05-10.18:00:56::SCWMssOS::" "ARCHIVER=arm-none-eabi-ar" "COMPILER_FLAGS=  -O2 -c" "EXTRA_COMPILER_FLAGS=-mcpu=cortex-a9 -mfpu=vfpv3 -mfloat-abi=hard -nos
TRACE::2021-05-10.18:00:56::SCWMssOS::tartfiles -g -Wall -Wextra"

TRACE::2021-05-10.18:00:56::SCWMssOS::make -C ps7_cortexa9_0/libsrc/emacps_v3_12/src -s libs  "SHELL=/bin/sh" "COMPILER=arm-none-eabi-gcc" "ASSEMBLER=arm-none-eabi-a
TRACE::2021-05-10.18:00:56::SCWMssOS::s" "ARCHIVER=arm-none-eabi-ar" "COMPILER_FLAGS=  -O2 -c" "EXTRA_COMPILER_FLAGS=-mcpu=cortex-a9 -mfpu=vfpv3 -mfloat-abi=hard -no
TRACE::2021-05-10.18:00:56::SCWMssOS::startfiles -g -Wall -Wextra"

TRACE::2021-05-10.18:00:56::SCWMssOS::Running Make libs in ps7_cortexa9_0/libsrc/ttcps_v3_12/src

TRACE::2021-05-10.18:00:56::SCWMssOS::Running Make libs in ps7_cortexa9_0/libsrc/standalone_v7_3/src

TRACE::2021-05-10.18:00:56::SCWMssOS::make -C ps7_cortexa9_0/libsrc/ttcps_v3_12/src -s libs  "SHELL=/bin/sh" "COMPILER=arm-none-eabi-gcc" "ASSEMBLER=arm-none-eabi-as
TRACE::2021-05-10.18:00:56::SCWMssOS::" "ARCHIVER=arm-none-eabi-ar" "COMPILER_FLAGS=  -O2 -c" "EXTRA_COMPILER_FLAGS=-mcpu=cortex-a9 -mfpu=vfpv3 -mfloat-abi=hard -nos
TRACE::2021-05-10.18:00:56::SCWMssOS::tartfiles -g -Wall -Wextra"

TRACE::2021-05-10.18:00:56::SCWMssOS::make -C ps7_cortexa9_0/libsrc/standalone_v7_3/src -s libs  "SHELL=/bin/sh" "COMPILER=arm-none-eabi-gcc" "ASSEMBLER=arm-none-eab
TRACE::2021-05-10.18:00:56::SCWMssOS::i-as" "ARCHIVER=arm-none-eabi-ar" "COMPILER_FLAGS=  -O2 -c" "EXTRA_COMPILER_FLAGS=-mcpu=cortex-a9 -mfpu=vfpv3 -mfloat-abi=hard 
TRACE::2021-05-10.18:00:56::SCWMssOS::-nostartfiles -g -Wall -Wextra"

TRACE::2021-05-10.18:00:56::SCWMssOS::Running Make libs in ps7_cortexa9_0/libsrc/usbps_v2_6/src

TRACE::2021-05-10.18:00:56::SCWMssOS::make -C ps7_cortexa9_0/libsrc/usbps_v2_6/src -s libs  "SHELL=/bin/sh" "COMPILER=arm-none-eabi-gcc" "ASSEMBLER=arm-none-eabi-as"
TRACE::2021-05-10.18:00:56::SCWMssOS:: "ARCHIVER=arm-none-eabi-ar" "COMPILER_FLAGS=  -O2 -c" "EXTRA_COMPILER_FLAGS=-mcpu=cortex-a9 -mfpu=vfpv3 -mfloat-abi=hard -nost
TRACE::2021-05-10.18:00:56::SCWMssOS::artfiles -g -Wall -Wextra"

TRACE::2021-05-10.18:00:56::SCWMssOS::Running Make libs in ps7_cortexa9_0/libsrc/cpu_cortexa9_v2_10/src

TRACE::2021-05-10.18:00:56::SCWMssOS::Running Make libs in ps7_cortexa9_0/libsrc/devcfg_v3_7/src

TRACE::2021-05-10.18:00:56::SCWMssOS::make -C ps7_cortexa9_0/libsrc/cpu_cortexa9_v2_10/src -s libs  "SHELL=/bin/sh" "COMPILER=arm-none-eabi-gcc" "ASSEMBLER=arm-none-
TRACE::2021-05-10.18:00:56::SCWMssOS::eabi-as" "ARCHIVER=arm-none-eabi-ar" "COMPILER_FLAGS=  -O2 -c" "EXTRA_COMPILER_FLAGS=-mcpu=cortex-a9 -mfpu=vfpv3 -mfloat-abi=ha
TRACE::2021-05-10.18:00:56::SCWMssOS::rd -nostartfiles -g -Wall -Wextra"

TRACE::2021-05-10.18:00:56::SCWMssOS::make -C ps7_cortexa9_0/libsrc/devcfg_v3_7/src -s libs  "SHELL=/bin/sh" "COMPILER=arm-none-eabi-gcc" "ASSEMBLER=arm-none-eabi-as
TRACE::2021-05-10.18:00:56::SCWMssOS::" "ARCHIVER=arm-none-eabi-ar" "COMPILER_FLAGS=  -O2 -c" "EXTRA_COMPILER_FLAGS=-mcpu=cortex-a9 -mfpu=vfpv3 -mfloat-abi=hard -nos
TRACE::2021-05-10.18:00:56::SCWMssOS::tartfiles -g -Wall -Wextra"

TRACE::2021-05-10.18:00:56::SCWMssOS::Running Make libs in ps7_cortexa9_0/libsrc/iicps_v3_12/src

TRACE::2021-05-10.18:00:56::SCWMssOS::make -C ps7_cortexa9_0/libsrc/iicps_v3_12/src -s libs  "SHELL=/bin/sh" "COMPILER=arm-none-eabi-gcc" "ASSEMBLER=arm-none-eabi-as
TRACE::2021-05-10.18:00:56::SCWMssOS::" "ARCHIVER=arm-none-eabi-ar" "COMPILER_FLAGS=  -O2 -c" "EXTRA_COMPILER_FLAGS=-mcpu=cortex-a9 -mfpu=vfpv3 -mfloat-abi=hard -nos
TRACE::2021-05-10.18:00:56::SCWMssOS::tartfiles -g -Wall -Wextra"

TRACE::2021-05-10.18:00:56::SCWMssOS::Running Make libs in ps7_cortexa9_0/libsrc/scutimer_v2_3/src

TRACE::2021-05-10.18:00:56::SCWMssOS::make -C ps7_cortexa9_0/libsrc/scutimer_v2_3/src -s libs  "SHELL=/bin/sh" "COMPILER=arm-none-eabi-gcc" "ASSEMBLER=arm-none-eabi-
TRACE::2021-05-10.18:00:56::SCWMssOS::as" "ARCHIVER=arm-none-eabi-ar" "COMPILER_FLAGS=  -O2 -c" "EXTRA_COMPILER_FLAGS=-mcpu=cortex-a9 -mfpu=vfpv3 -mfloat-abi=hard -n
TRACE::2021-05-10.18:00:56::SCWMssOS::ostartfiles -g -Wall -Wextra"

TRACE::2021-05-10.18:00:56::SCWMssOS::Running Make libs in ps7_cortexa9_0/libsrc/canps_v3_5/src

TRACE::2021-05-10.18:00:56::SCWMssOS::Running Make libs in ps7_cortexa9_0/libsrc/xadcps_v2_5/src

TRACE::2021-05-10.18:00:56::SCWMssOS::make -C ps7_cortexa9_0/libsrc/canps_v3_5/src -s libs  "SHELL=/bin/sh" "COMPILER=arm-none-eabi-gcc" "ASSEMBLER=arm-none-eabi-as"
TRACE::2021-05-10.18:00:56::SCWMssOS:: "ARCHIVER=arm-none-eabi-ar" "COMPILER_FLAGS=  -O2 -c" "EXTRA_COMPILER_FLAGS=-mcpu=cortex-a9 -mfpu=vfpv3 -mfloat-abi=hard -nost
TRACE::2021-05-10.18:00:56::SCWMssOS::artfiles -g -Wall -Wextra"

TRACE::2021-05-10.18:00:56::SCWMssOS::make -C ps7_cortexa9_0/libsrc/xadcps_v2_5/src -s libs  "SHELL=/bin/sh" "COMPILER=arm-none-eabi-gcc" "ASSEMBLER=arm-none-eabi-as
TRACE::2021-05-10.18:00:56::SCWMssOS::" "ARCHIVER=arm-none-eabi-ar" "COMPILER_FLAGS=  -O2 -c" "EXTRA_COMPILER_FLAGS=-mcpu=cortex-a9 -mfpu=vfpv3 -mfloat-abi=hard -nos
TRACE::2021-05-10.18:00:56::SCWMssOS::tartfiles -g -Wall -Wextra"

TRACE::2021-05-10.18:00:56::SCWMssOS::Running Make libs in ps7_cortexa9_0/libsrc/coresightps_dcc_v1_8/src

TRACE::2021-05-10.18:00:56::SCWMssOS::make -C ps7_cortexa9_0/libsrc/coresightps_dcc_v1_8/src -s libs  "SHELL=/bin/sh" "COMPILER=arm-none-eabi-gcc" "ASSEMBLER=arm-non
TRACE::2021-05-10.18:00:56::SCWMssOS::e-eabi-as" "ARCHIVER=arm-none-eabi-ar" "COMPILER_FLAGS=  -O2 -c" "EXTRA_COMPILER_FLAGS=-mcpu=cortex-a9 -mfpu=vfpv3 -mfloat-abi=
TRACE::2021-05-10.18:00:56::SCWMssOS::hard -nostartfiles -g -Wall -Wextra"

TRACE::2021-05-10.18:00:56::SCWMssOS::Running Make libs in ps7_cortexa9_0/libsrc/sdps_v3_10/src

TRACE::2021-05-10.18:00:56::SCWMssOS::make -C ps7_cortexa9_0/libsrc/sdps_v3_10/src -s libs  "SHELL=/bin/sh" "COMPILER=arm-none-eabi-gcc" "ASSEMBLER=arm-none-eabi-as"
TRACE::2021-05-10.18:00:56::SCWMssOS:: "ARCHIVER=arm-none-eabi-ar" "COMPILER_FLAGS=  -O2 -c" "EXTRA_COMPILER_FLAGS=-mcpu=cortex-a9 -mfpu=vfpv3 -mfloat-abi=hard -nost
TRACE::2021-05-10.18:00:56::SCWMssOS::artfiles -g -Wall -Wextra"

TRACE::2021-05-10.18:00:56::SCWMssOS::Running Make libs in ps7_cortexa9_0/libsrc/ddrps_v1_2/src

TRACE::2021-05-10.18:00:56::SCWMssOS::make -C ps7_cortexa9_0/libsrc/ddrps_v1_2/src -s libs  "SHELL=/bin/sh" "COMPILER=arm-none-eabi-gcc" "ASSEMBLER=arm-none-eabi-as"
TRACE::2021-05-10.18:00:56::SCWMssOS:: "ARCHIVER=arm-none-eabi-ar" "COMPILER_FLAGS=  -O2 -c" "EXTRA_COMPILER_FLAGS=-mcpu=cortex-a9 -mfpu=vfpv3 -mfloat-abi=hard -nost
TRACE::2021-05-10.18:00:56::SCWMssOS::artfiles -g -Wall -Wextra"

TRACE::2021-05-10.18:00:56::SCWMssOS::Running Make libs in ps7_cortexa9_0/libsrc/uartps_v3_10/src

TRACE::2021-05-10.18:00:56::SCWMssOS::make -C ps7_cortexa9_0/libsrc/uartps_v3_10/src -s libs  "SHELL=/bin/sh" "COMPILER=arm-none-eabi-gcc" "ASSEMBLER=arm-none-eabi-a
TRACE::2021-05-10.18:00:56::SCWMssOS::s" "ARCHIVER=arm-none-eabi-ar" "COMPILER_FLAGS=  -O2 -c" "EXTRA_COMPILER_FLAGS=-mcpu=cortex-a9 -mfpu=vfpv3 -mfloat-abi=hard -no
TRACE::2021-05-10.18:00:56::SCWMssOS::startfiles -g -Wall -Wextra"

TRACE::2021-05-10.18:00:56::SCWMssOS::Running Make libs in ps7_cortexa9_0/libsrc/qspips_v3_8/src

TRACE::2021-05-10.18:00:56::SCWMssOS::make -C ps7_cortexa9_0/libsrc/qspips_v3_8/src -s libs  "SHELL=/bin/sh" "COMPILER=arm-none-eabi-gcc" "ASSEMBLER=arm-none-eabi-as
TRACE::2021-05-10.18:00:56::SCWMssOS::" "ARCHIVER=arm-none-eabi-ar" "COMPILER_FLAGS=  -O2 -c" "EXTRA_COMPILER_FLAGS=-mcpu=cortex-a9 -mfpu=vfpv3 -mfloat-abi=hard -nos
TRACE::2021-05-10.18:00:56::SCWMssOS::tartfiles -g -Wall -Wextra"

TRACE::2021-05-10.18:00:56::SCWMssOS::Running Make libs in ps7_cortexa9_0/libsrc/scugic_v4_3/src

TRACE::2021-05-10.18:00:56::SCWMssOS::make -C ps7_cortexa9_0/libsrc/scugic_v4_3/src -s libs  "SHELL=/bin/sh" "COMPILER=arm-none-eabi-gcc" "ASSEMBLER=arm-none-eabi-as
TRACE::2021-05-10.18:00:56::SCWMssOS::" "ARCHIVER=arm-none-eabi-ar" "COMPILER_FLAGS=  -O2 -c" "EXTRA_COMPILER_FLAGS=-mcpu=cortex-a9 -mfpu=vfpv3 -mfloat-abi=hard -nos
TRACE::2021-05-10.18:00:56::SCWMssOS::tartfiles -g -Wall -Wextra"

TRACE::2021-05-10.18:00:56::SCWMssOS::Running Make libs in ps7_cortexa9_0/libsrc/dmaps_v2_7/src

TRACE::2021-05-10.18:00:56::SCWMssOS::make -C ps7_cortexa9_0/libsrc/dmaps_v2_7/src -s libs  "SHELL=/bin/sh" "COMPILER=arm-none-eabi-gcc" "ASSEMBLER=arm-none-eabi-as"
TRACE::2021-05-10.18:00:56::SCWMssOS:: "ARCHIVER=arm-none-eabi-ar" "COMPILER_FLAGS=  -O2 -c" "EXTRA_COMPILER_FLAGS=-mcpu=cortex-a9 -mfpu=vfpv3 -mfloat-abi=hard -nost
TRACE::2021-05-10.18:00:56::SCWMssOS::artfiles -g -Wall -Wextra"

TRACE::2021-05-10.18:01:00::SCWMssOS::Finished building libraries parallelly.

TRACE::2021-05-10.18:01:00::SCWMssOS::make --no-print-directory archive

TRACE::2021-05-10.18:01:00::SCWMssOS::arm-none-eabi-ar -r  ps7_cortexa9_0/lib/libxil.a ps7_cortexa9_0/lib/xsdps_sinit.o ps7_cortexa9_0/lib/xusbps_g.o ps7_cortexa9_0/
TRACE::2021-05-10.18:01:00::SCWMssOS::lib/xusbps_endpoint.o ps7_cortexa9_0/lib/xusbps.o ps7_cortexa9_0/lib/xqspips_g.o ps7_cortexa9_0/lib/xiicps_master.o ps7_cortexa
TRACE::2021-05-10.18:01:00::SCWMssOS::9_0/lib/xiicps_options.o ps7_cortexa9_0/lib/xemacps_sinit.o ps7_cortexa9_0/lib/_sbrk.o ps7_cortexa9_0/lib/xiicps.o ps7_cortexa9
TRACE::2021-05-10.18:01:00::SCWMssOS::_0/lib/xemacps_g.o ps7_cortexa9_0/lib/xpm_counter.o ps7_cortexa9_0/lib/xttcps.o ps7_cortexa9_0/lib/xcoresightpsdcc.o ps7_cortex
TRACE::2021-05-10.18:01:00::SCWMssOS::a9_0/lib/xscutimer.o ps7_cortexa9_0/lib/xgpiops.o ps7_cortexa9_0/lib/xemacps_hw.o ps7_cortexa9_0/lib/xil_testcache.o ps7_cortex
TRACE::2021-05-10.18:01:00::SCWMssOS::a9_0/lib/xdevcfg_g.o ps7_cortexa9_0/lib/abort.o ps7_cortexa9_0/lib/asm_vectors.o ps7_cortexa9_0/lib/xiicps_hw.o ps7_cortexa9_0/
TRACE::2021-05-10.18:01:00::SCWMssOS::lib/xl2cc_counter.o ps7_cortexa9_0/lib/xusbps_hw.o ps7_cortexa9_0/lib/outbyte.o ps7_cortexa9_0/lib/xdmaps.o ps7_cortexa9_0/lib/
TRACE::2021-05-10.18:01:00::SCWMssOS::xuartps_sinit.o ps7_cortexa9_0/lib/xcanps_selftest.o ps7_cortexa9_0/lib/xadcps.o ps7_cortexa9_0/lib/xuartps_g.o ps7_cortexa9_0/
TRACE::2021-05-10.18:01:00::SCWMssOS::lib/unlink.o ps7_cortexa9_0/lib/xil_printf.o ps7_cortexa9_0/lib/xcanps_sinit.o ps7_cortexa9_0/lib/xiicps_slave.o ps7_cortexa9_0
TRACE::2021-05-10.18:01:00::SCWMssOS::/lib/xdmaps_sinit.o ps7_cortexa9_0/lib/xcanps_g.o ps7_cortexa9_0/lib/xscuwdt.o ps7_cortexa9_0/lib/xgpiops_selftest.o ps7_cortex
TRACE::2021-05-10.18:01:00::SCWMssOS::a9_0/lib/xgpiops_sinit.o ps7_cortexa9_0/lib/xiicps_intr.o ps7_cortexa9_0/lib/close.o ps7_cortexa9_0/lib/xsdps.o ps7_cortexa9_0/
TRACE::2021-05-10.18:01:00::SCWMssOS::lib/xgpiops_g.o ps7_cortexa9_0/lib/xqspips_hw.o ps7_cortexa9_0/lib/xttcps_selftest.o ps7_cortexa9_0/lib/putnum.o ps7_cortexa9_0
TRACE::2021-05-10.18:01:00::SCWMssOS::/lib/xscutimer_selftest.o ps7_cortexa9_0/lib/xttcps_sinit.o ps7_cortexa9_0/lib/xsdps_options.o ps7_cortexa9_0/lib/inbyte.o ps7_
TRACE::2021-05-10.18:01:00::SCWMssOS::cortexa9_0/lib/xscutimer_sinit.o ps7_cortexa9_0/lib/xttcps_g.o ps7_cortexa9_0/lib/xil_misc_psreset_api.o ps7_cortexa9_0/lib/xsc
TRACE::2021-05-10.18:01:00::SCWMssOS::utimer_g.o ps7_cortexa9_0/lib/xdmaps_g.o ps7_cortexa9_0/lib/getpid.o ps7_cortexa9_0/lib/xqspips_options.o ps7_cortexa9_0/lib/xi
TRACE::2021-05-10.18:01:00::SCWMssOS::l_sleeptimer.o ps7_cortexa9_0/lib/xdevcfg_hw.o ps7_cortexa9_0/lib/xusbps_sinit.o ps7_cortexa9_0/lib/_exit.o ps7_cortexa9_0/lib/
TRACE::2021-05-10.18:01:00::SCWMssOS::xil_mmu.o ps7_cortexa9_0/lib/xplatform_info.o ps7_cortexa9_0/lib/xadcps_selftest.o ps7_cortexa9_0/lib/xadcps_sinit.o ps7_cortex
TRACE::2021-05-10.18:01:00::SCWMssOS::a9_0/lib/xqspips_sinit.o ps7_cortexa9_0/lib/xadcps_g.o ps7_cortexa9_0/lib/xuartps_hw.o ps7_cortexa9_0/lib/xiicps_sinit.o ps7_co
TRACE::2021-05-10.18:01:00::SCWMssOS::rtexa9_0/lib/xscugic.o ps7_cortexa9_0/lib/xil-crt0.o ps7_cortexa9_0/lib/isatty.o ps7_cortexa9_0/lib/xscugic_g.o ps7_cortexa9_0/
TRACE::2021-05-10.18:01:00::SCWMssOS::lib/sbrk.o ps7_cortexa9_0/lib/xscuwdt_selftest.o ps7_cortexa9_0/lib/xemacps_intr.o ps7_cortexa9_0/lib/xcanps_hw.o ps7_cortexa9_
TRACE::2021-05-10.18:01:00::SCWMssOS::0/lib/xil_clocking.o ps7_cortexa9_0/lib/xscuwdt_g.o ps7_cortexa9_0/lib/vectors.o ps7_cortexa9_0/lib/xsdps_g.o ps7_cortexa9_0/li
TRACE::2021-05-10.18:01:00::SCWMssOS::b/xdevcfg_intr.o ps7_cortexa9_0/lib/errno.o ps7_cortexa9_0/lib/fstat.o ps7_cortexa9_0/lib/xgpiops_hw.o ps7_cortexa9_0/lib/xscuw
TRACE::2021-05-10.18:01:00::SCWMssOS::dt_sinit.o ps7_cortexa9_0/lib/xdevcfg_selftest.o ps7_cortexa9_0/lib/xdmaps_hw.o ps7_cortexa9_0/lib/xsdps_card.o ps7_cortexa9_0/
TRACE::2021-05-10.18:01:00::SCWMssOS::lib/xuartps.o ps7_cortexa9_0/lib/xuartps_intr.o ps7_cortexa9_0/lib/xil_util.o ps7_cortexa9_0/lib/xscugic_selftest.o ps7_cortexa
TRACE::2021-05-10.18:01:00::SCWMssOS::9_0/lib/xtime_l.o ps7_cortexa9_0/lib/xcanps_intr.o ps7_cortexa9_0/lib/xttcps_options.o ps7_cortexa9_0/lib/xemacps_bdring.o ps7_
TRACE::2021-05-10.18:01:00::SCWMssOS::cortexa9_0/lib/read.o ps7_cortexa9_0/lib/xscugic_sinit.o ps7_cortexa9_0/lib/xgpiops_intr.o ps7_cortexa9_0/lib/xil_sleepcommon.o
TRACE::2021-05-10.18:01:00::SCWMssOS:: ps7_cortexa9_0/lib/usleep.o ps7_cortexa9_0/lib/cpu_init.o ps7_cortexa9_0/lib/xiicps_selftest.o ps7_cortexa9_0/lib/boot.o ps7_c
TRACE::2021-05-10.18:01:00::SCWMssOS::ortexa9_0/lib/write.o ps7_cortexa9_0/lib/translation_table.o ps7_cortexa9_0/lib/xdmaps_selftest.o ps7_cortexa9_0/lib/xqspips.o 
TRACE::2021-05-10.18:01:00::SCWMssOS::ps7_cortexa9_0/lib/xuartps_options.o ps7_cortexa9_0/lib/xil_testio.o ps7_cortexa9_0/lib/xil_cache.o ps7_cortexa9_0/lib/xemacps.
TRACE::2021-05-10.18:01:00::SCWMssOS::o ps7_cortexa9_0/lib/xadcps_intr.o ps7_cortexa9_0/lib/xiicps_g.o ps7_cortexa9_0/lib/print.o ps7_cortexa9_0/lib/xemacps_control.
TRACE::2021-05-10.18:01:00::SCWMssOS::o ps7_cortexa9_0/lib/kill.o ps7_cortexa9_0/lib/fcntl.o ps7_cortexa9_0/lib/_open.o ps7_cortexa9_0/lib/xil_mem.o ps7_cortexa9_0/l
TRACE::2021-05-10.18:01:00::SCWMssOS::ib/cpputest_time.o ps7_cortexa9_0/lib/sleep.o ps7_cortexa9_0/lib/xscugic_hw.o ps7_cortexa9_0/lib/xiicps_xfer.o ps7_cortexa9_0/l
TRACE::2021-05-10.18:01:00::SCWMssOS::ib/xsdps_host.o ps7_cortexa9_0/lib/xusbps_intr.o ps7_cortexa9_0/lib/xcanps.o ps7_cortexa9_0/lib/xil_assert.o ps7_cortexa9_0/lib
TRACE::2021-05-10.18:01:00::SCWMssOS::/xscugic_intr.o ps7_cortexa9_0/lib/open.o ps7_cortexa9_0/lib/xdevcfg.o ps7_cortexa9_0/lib/xil_testmem.o ps7_cortexa9_0/lib/xil_
TRACE::2021-05-10.18:01:00::SCWMssOS::exception.o ps7_cortexa9_0/lib/xqspips_selftest.o ps7_cortexa9_0/lib/xuartps_selftest.o ps7_cortexa9_0/lib/xdevcfg_sinit.o ps7_
TRACE::2021-05-10.18:01:00::SCWMssOS::cortexa9_0/lib/lseek.o

TRACE::2021-05-10.18:01:00::SCWMssOS::Finished building libraries

TRACE::2021-05-10.18:01:00::SCWMssOS::Copying to export directory.
TRACE::2021-05-10.18:01:00::SCWMssOS:: Checking if to create the Supporting Applications
TRACE::2021-05-10.18:01:00::SCWMssOS:: No Linux domain exists, trying to generate FSBL 
TRACE::2021-05-10.18:01:00::SCWMssOS:: Completed Standalone Artifacts creation 
LOG::2021-05-10.18:01:00::SCWSystem::Completed Processing the domain standalone_ps7_cortexa9_0
LOG::2021-05-10.18:01:00::SCWSystem::Completed Processing the sysconfig zc702
LOG::2021-05-10.18:01:00::SCWPlatform::Completed generating the artifacts for system configuration zc702
TRACE::2021-05-10.18:01:00::SCWPlatform::Started preparing the platform 
TRACE::2021-05-10.18:01:00::SCWSystem::Writing the bif file for system config zc702
TRACE::2021-05-10.18:01:00::SCWSystem::dir created 
TRACE::2021-05-10.18:01:00::SCWSystem::Writing the bif 
TRACE::2021-05-10.18:01:00::SCWPlatform::Started writing the spfm file 
TRACE::2021-05-10.18:01:00::SCWPlatform::Started writing the xpfm file 
TRACE::2021-05-10.18:01:00::SCWPlatform::Completed generating the platform
TRACE::2021-05-10.18:01:00::SCWMssOS::Saving the mss changes /tmp/git_export1/zc702/ps7_cortexa9_0/standalone_ps7_cortexa9_0/bsp/system.mss
TRACE::2021-05-10.18:01:00::SCWMssOS::Found a swdesign opened with the mssfile.
TRACE::2021-05-10.18:01:00::SCWMssOS::Completed writemss as part of save.
TRACE::2021-05-10.18:01:00::SCWMssOS::Commit changes completed.
TRACE::2021-05-10.18:01:00::SCWPlatform::Trying to open the hw design at /tmp/git_export1/zc702/hw/zc702.xsa
TRACE::2021-05-10.18:01:00::SCWPlatform::DSA given /tmp/git_export1/zc702/hw/zc702.xsa
TRACE::2021-05-10.18:01:00::SCWPlatform::DSA absoulate path /tmp/git_export1/zc702/hw/zc702.xsa
TRACE::2021-05-10.18:01:00::SCWPlatform::DSA directory /tmp/git_export1/zc702/hw
TRACE::2021-05-10.18:01:00::SCWPlatform:: Platform Path /tmp/git_export1/zc702/hw/zc702.xsa
TRACE::2021-05-10.18:01:00::SCWPlatform:: Unique name xilinx:zc702::0.0
TRACE::2021-05-10.18:01:00::SCWPlatform::Trying to set the existing hwdb with name design_1_wrapper_0
TRACE::2021-05-10.18:01:00::SCWPlatform::Opened existing hwdb design_1_wrapper_0
TRACE::2021-05-10.18:01:00::SCWPlatform::Found the Hw Db part of the input DSA
TRACE::2021-05-10.18:01:00::SCWMssOS::Checking the sw design at  /tmp/git_export1/zc702/ps7_cortexa9_0/standalone_ps7_cortexa9_0/bsp/system.mss
TRACE::2021-05-10.18:01:00::SCWMssOS::DEBUG:  swdes dump  /tmp/git_export1/zc702/ps7_cortexa9_0/standalone_ps7_cortexa9_0/bsp/system.mss|system||

TRACE::2021-05-10.18:01:00::SCWMssOS::Sw design exists and opened at  /tmp/git_export1/zc702/ps7_cortexa9_0/standalone_ps7_cortexa9_0/bsp/system.mss
TRACE::2021-05-10.18:01:00::SCWPlatform::Trying to open the hw design at /tmp/git_export1/zc702/hw/zc702.xsa
TRACE::2021-05-10.18:01:00::SCWPlatform::DSA given /tmp/git_export1/zc702/hw/zc702.xsa
TRACE::2021-05-10.18:01:00::SCWPlatform::DSA absoulate path /tmp/git_export1/zc702/hw/zc702.xsa
TRACE::2021-05-10.18:01:00::SCWPlatform::DSA directory /tmp/git_export1/zc702/hw
TRACE::2021-05-10.18:01:00::SCWPlatform:: Platform Path /tmp/git_export1/zc702/hw/zc702.xsa
TRACE::2021-05-10.18:01:00::SCWPlatform:: Unique name xilinx:zc702::0.0
TRACE::2021-05-10.18:01:00::SCWPlatform::Trying to set the existing hwdb with name design_1_wrapper_0
TRACE::2021-05-10.18:01:00::SCWPlatform::Opened existing hwdb design_1_wrapper_0
TRACE::2021-05-10.18:01:00::SCWPlatform::Found the Hw Db part of the input DSA
TRACE::2021-05-10.18:01:00::SCWMssOS::Checking the sw design at  /tmp/git_export1/zc702/ps7_cortexa9_0/standalone_ps7_cortexa9_0/bsp/system.mss
TRACE::2021-05-10.18:01:00::SCWMssOS::DEBUG:  swdes dump  /tmp/git_export1/zc702/ps7_cortexa9_0/standalone_ps7_cortexa9_0/bsp/system.mss|system||

TRACE::2021-05-10.18:01:00::SCWMssOS::Sw design exists and opened at  /tmp/git_export1/zc702/ps7_cortexa9_0/standalone_ps7_cortexa9_0/bsp/system.mss
TRACE::2021-05-10.18:01:00::SCWPlatform::Trying to open the hw design at /tmp/git_export1/zc702/hw/zc702.xsa
TRACE::2021-05-10.18:01:00::SCWPlatform::DSA given /tmp/git_export1/zc702/hw/zc702.xsa
TRACE::2021-05-10.18:01:00::SCWPlatform::DSA absoulate path /tmp/git_export1/zc702/hw/zc702.xsa
TRACE::2021-05-10.18:01:00::SCWPlatform::DSA directory /tmp/git_export1/zc702/hw
TRACE::2021-05-10.18:01:00::SCWPlatform:: Platform Path /tmp/git_export1/zc702/hw/zc702.xsa
TRACE::2021-05-10.18:01:00::SCWPlatform:: Unique name xilinx:zc702::0.0
TRACE::2021-05-10.18:01:00::SCWPlatform::Trying to set the existing hwdb with name design_1_wrapper_0
TRACE::2021-05-10.18:01:00::SCWPlatform::Opened existing hwdb design_1_wrapper_0
TRACE::2021-05-10.18:01:00::SCWPlatform::Found the Hw Db part of the input DSA
TRACE::2021-05-10.18:01:00::SCWMssOS::Checking the sw design at  /tmp/git_export1/zc702/ps7_cortexa9_0/standalone_ps7_cortexa9_0/bsp/system.mss
TRACE::2021-05-10.18:01:00::SCWMssOS::DEBUG:  swdes dump  /tmp/git_export1/zc702/ps7_cortexa9_0/standalone_ps7_cortexa9_0/bsp/system.mss|system||

TRACE::2021-05-10.18:01:00::SCWMssOS::Sw design exists and opened at  /tmp/git_export1/zc702/ps7_cortexa9_0/standalone_ps7_cortexa9_0/bsp/system.mss
TRACE::2021-05-10.18:01:00::SCWWriter::formatted JSON is {
	"platformName":	"zc702",
	"sprVersion":	"2.0",
	"mode":	"gui",
	"dsaType":	"Fixed",
	"platformDesc":	"zc702",
	"platHandOff":	"/proj/xbuilds/2020.2_daily_latest/installs/lin64/Vitis/2020.2/data/embeddedsw/lib/fixed_hwplatforms/zc702.xsa",
	"platIntHandOff":	"<platformDir>/hw/zc702.xsa",
	"deviceType":	"zynq",
	"platIsPrebuiltAutogen":	"false",
	"platIsNoBootBsp":	"true",
	"hasFsblMakeHasChanges":	"false",
	"hasPmufwMakeHasChanges":	"false",
	"platPreBuiltFlag":	false,
	"platformSamplesDir":	"",
	"platActiveSys":	"zc702",
	"systems":	[{
			"systemName":	"zc702",
			"systemDesc":	"zc702",
			"sysIsBootAutoGen":	"true",
			"systemDispName":	"zc702",
			"sysActiveDom":	"standalone_ps7_cortexa9_0",
			"sysDefaultDom":	"standalone_ps7_cortexa9_0",
			"domains":	[{
					"domainName":	"standalone_ps7_cortexa9_0",
					"domainDispName":	"standalone_ps7_cortexa9_0",
					"domainDesc":	"standalone_ps7_cortexa9_0",
					"processors":	"ps7_cortexa9_0",
					"os":	"standalone",
					"sdxOs":	"standalone",
					"qemuArgs":	"/proj/xbuilds/2020.2_daily_latest/installs/lin64/Vitis/2020.2/data/emulation/platforms/zynq/sw/a9_standalone/qemu/qemu_args.txt",
					"qemuData":	"/proj/xbuilds/2020.2_daily_latest/installs/lin64/Vitis/2020.2/data/emulation/platforms/zynq/sw/a9_standalone/qemu/",
					"debugEnable":	"False",
					"domRuntimes":	["cpp"],
					"swRepo":	"",
					"mssOsVer":	"7.3",
					"mssFile":	"",
					"md5Digest":	"89698c41903a108f22ff01cec4bc34b1",
					"compatibleApp":	"hello_world",
					"domType":	"mssDomain",
					"arch":	"32-bit",
					"appSettings":	{
						"appCompilerFlags":	"",
						"appLinkerFlags":	""
					},
					"addedLibs":	[],
					"libOptions":	{
						"libsContainingOptions":	[]
					},
					"prebuiltLibs":	{
						"prebuiltIncPath":	[],
						"prebuiltLibPath":	[]
					},
					"isolation":	{
					}
				}]
		}]
}
KEYINFO::2021-05-10.18:01:00::SCWPlatform::updated the xpfm file.
TRACE::2021-05-10.18:01:00::SCWPlatform::Trying to open the hw design at /tmp/git_export1/zc702/hw/zc702.xsa
TRACE::2021-05-10.18:01:00::SCWPlatform::DSA given /tmp/git_export1/zc702/hw/zc702.xsa
TRACE::2021-05-10.18:01:00::SCWPlatform::DSA absoulate path /tmp/git_export1/zc702/hw/zc702.xsa
TRACE::2021-05-10.18:01:00::SCWPlatform::DSA directory /tmp/git_export1/zc702/hw
TRACE::2021-05-10.18:01:00::SCWPlatform:: Platform Path /tmp/git_export1/zc702/hw/zc702.xsa
TRACE::2021-05-10.18:01:00::SCWPlatform:: Unique name xilinx:zc702::0.0
TRACE::2021-05-10.18:01:00::SCWPlatform::Trying to set the existing hwdb with name design_1_wrapper_0
TRACE::2021-05-10.18:01:00::SCWPlatform::Opened existing hwdb design_1_wrapper_0
TRACE::2021-05-10.18:01:00::SCWPlatform::Found the Hw Db part of the input DSA
TRACE::2021-05-10.18:01:00::SCWMssOS::Checking the sw design at  /tmp/git_export1/zc702/ps7_cortexa9_0/standalone_ps7_cortexa9_0/bsp/system.mss
TRACE::2021-05-10.18:01:00::SCWMssOS::DEBUG:  swdes dump  /tmp/git_export1/zc702/ps7_cortexa9_0/standalone_ps7_cortexa9_0/bsp/system.mss|system||

TRACE::2021-05-10.18:01:00::SCWMssOS::Sw design exists and opened at  /tmp/git_export1/zc702/ps7_cortexa9_0/standalone_ps7_cortexa9_0/bsp/system.mss
