2021-09-08 13:21:05,152 INFO com.xilinx.rigel.server.RigelServer [main] Server started, listening on 46486
2021-09-08 13:21:05,154 INFO com.xilinx.rigel.server.RigelServer [main] scheduling shutdown timer for 60 seconds ...
2021-09-08 13:21:05,167 DEBUG com.xilinx.rigel.server.RigelServer [main] Executing startup modules.
2021-09-08 13:21:05,168 DEBUG com.xilinx.rigel.server.ServerStartup [main] Environment variables
2021-09-08 13:21:05,172 DEBUG com.xilinx.rigel.server.ServerStartup [main] PATH=/proj/xbuilds/2021.2_daily_latest/installs/lin64/Vitis/2021.2/tps/lnx64/cmake-3.21.0/bin:/proj/xbuilds/2021.2_daily_latest/installs/lin64/Vitis/2021.2/tps/lnx64/clangd-8.0.0/bin:/proj/xbuilds/2021.2_daily_latest/installs/lin64/Vitis/2021.2/tps/lnx64/python-3.8.3//bin:/proj/xbuilds/2021.2_daily_latest/installs/lin64/Vitis/2021.2/tps/lnx64/jre11.0.11_9/bin:/proj/xbuilds/2021.2_daily_latest/installs/lin64/Vitis/2021.2/bin:/proj/xbuilds/2021.2_daily_latest/installs/lin64/Vitis/2021.2/aietools/bin:/proj/xbuilds/2021.2_daily_latest/installs/lin64/Vitis/2021.2/bin:/proj/xbuilds/2021.2_daily_latest/installs/lin64/Vivado/2021.2/bin:/proj/xbuilds/2021.2_daily_latest/installs/lin64/Vivado/2021.2/bin:/proj/xbuilds/XRT/master/202120.2.12.337/packages/x86_64/xrt-2.12.337_centos_7.8/opt/xilinx/xrt/bin:/tools/batonroot/rodin/devkits/lnx64/git-2.16.2/bin/git:/home/vijayara/.yarn/bin:/home/vijayara/.config/yarn/global/node_modules/.bin:/home/vijayara/.nvm/versions/node/v12.14.1/bin:/tools/batonroot/rodin/devkits/lnx64/git-2.16.2/bin/git:/tools/batonroot/rodin/devkits/lnx64/gcc-6.2.0/bin:/home/vijayara/.yarn/bin:/home/vijayara/.config/yarn/global/node_modules/.bin:/home/vijayara/.yarn/bin:/home/vijayara/.config/yarn/global/node_modules/.bin:/home/vijayara/.yarn/bin:/home/vijayara/.config/yarn/global/node_modules/.bin:/usr/local/bin:/mis/TREE/bin:/usr/bin:/bin:/usr/ucb:/usr/local/sbin:/usr/sbin:/opt/puppetlabs/bin:/opt/Citrix/VDA/bin:/opt/puppetlabs/bin:/opt/puppetlabs/bin
2021-09-08 13:21:05,173 DEBUG com.xilinx.rigel.server.ServerStartup [main] HISTCONTROL=ignoredups
2021-09-08 13:21:05,173 DEBUG com.xilinx.rigel.server.ServerStartup [main] XMODIFIERS=@im=ibus
2021-09-08 13:21:05,173 DEBUG com.xilinx.rigel.server.ServerStartup [main] DBUS_SESSION_BUS_ADDRESS=unix:abstract=/tmp/dbus-x7R8h5Wd4J,guid=08efa5797e42c908d900131761110020
2021-09-08 13:21:05,173 DEBUG com.xilinx.rigel.server.ServerStartup [main] RDI_PATCHROOT=
2021-09-08 13:21:05,173 DEBUG com.xilinx.rigel.server.ServerStartup [main] RDI_BASEROOT=/proj/xbuilds/2021.2_daily_latest/installs/lin64/Vitis
2021-09-08 13:21:05,173 DEBUG com.xilinx.rigel.server.ServerStartup [main] MACHTYPE=x86_64
2021-09-08 13:21:05,173 DEBUG com.xilinx.rigel.server.ServerStartup [main] SSH_AGENT_PID=9896
2021-09-08 13:21:05,173 DEBUG com.xilinx.rigel.server.ServerStartup [main] KRB5CCNAME=FILE:/tmp/krb5cc_24703_bTqOtQ
2021-09-08 13:21:05,173 DEBUG com.xilinx.rigel.server.ServerStartup [main] COLORTERM=truecolor
2021-09-08 13:21:05,173 DEBUG com.xilinx.rigel.server.ServerStartup [main] LD_LIBRARY_PATH=/proj/xbuilds/2021.2_daily_latest/installs/lin64/Vitis/2021.2/lib/lnx64.o:/proj/xbuilds/2021.2_daily_latest/installs/lin64/Vitis/2021.2/lib/lnx64.o/Default:/proj/xbuilds/2021.2_daily_latest/installs/lin64/Vitis/2021.2/lib/lnx64.o/Default:/proj/xbuilds/2021.2_daily_latest/installs/lin64/Vitis/2021.2/lib/lnx64.o:/proj/xbuilds/2021.2_daily_latest/installs/lin64/Vitis/2021.2/tps/lnx64/python-3.8.3/lib:/proj/xbuilds/XRT/master/202120.2.12.337/packages/x86_64/xrt-2.12.337_centos_7.8/opt/xilinx/xrt/lib:
2021-09-08 13:21:05,174 DEBUG com.xilinx.rigel.server.ServerStartup [main] SESSION_MANAGER=local/unix:@/tmp/.ICE-unix/9974,unix/unix:/tmp/.ICE-unix/9974
2021-09-08 13:21:05,174 DEBUG com.xilinx.rigel.server.ServerStartup [main] PWD=/scratch/gittest/git_test
2021-09-08 13:21:05,174 DEBUG com.xilinx.rigel.server.ServerStartup [main] KDE_SESSION_VERSION=4
2021-09-08 13:21:05,174 DEBUG com.xilinx.rigel.server.ServerStartup [main] NVM_CD_FLAGS=
2021-09-08 13:21:05,174 DEBUG com.xilinx.rigel.server.ServerStartup [main] LESSOPEN=||/usr/bin/lesspipe.sh %s
2021-09-08 13:21:05,174 DEBUG com.xilinx.rigel.server.ServerStartup [main] CHROME_DESKTOP=Rigel IDE.desktop
2021-09-08 13:21:05,174 DEBUG com.xilinx.rigel.server.ServerStartup [main] QT_GRAPHICSSYSTEM_CHECKED=1
2021-09-08 13:21:05,175 DEBUG com.xilinx.rigel.server.ServerStartup [main] RDI_APPROOT=/proj/xbuilds/2021.2_daily_latest/installs/lin64/Vitis/2021.2
2021-09-08 13:21:05,175 DEBUG com.xilinx.rigel.server.ServerStartup [main] PYTHONHOME=/proj/xbuilds/2021.2_daily_latest/installs/lin64/Vitis/2021.2/tps/lnx64/python-3.8.3/
2021-09-08 13:21:05,175 DEBUG com.xilinx.rigel.server.ServerStartup [main] QTINC=/usr/lib64/qt-3.3/include
2021-09-08 13:21:05,175 DEBUG com.xilinx.rigel.server.ServerStartup [main] HOSTTYPE=x86_64-linux
2021-09-08 13:21:05,175 DEBUG com.xilinx.rigel.server.ServerStartup [main] GNOME_TERMINAL_SCREEN=/org/gnome/Terminal/screen/ba11443c_6615_40f4_b9af_86918eaf469f
2021-09-08 13:21:05,175 DEBUG com.xilinx.rigel.server.ServerStartup [main] XILINX_XRT=/proj/xbuilds/XRT/master/202120.2.12.337/packages/x86_64/xrt-2.12.337_centos_7.8/opt/xilinx/xrt
2021-09-08 13:21:05,175 DEBUG com.xilinx.rigel.server.ServerStartup [main] LC_ALL=C
2021-09-08 13:21:05,175 DEBUG com.xilinx.rigel.server.ServerStartup [main] XILINX_VITIS=/proj/xbuilds/2021.2_daily_latest/installs/lin64/Vitis/2021.2
2021-09-08 13:21:05,175 DEBUG com.xilinx.rigel.server.ServerStartup [main] LN_LICENSE_FILE=1055@xsjlicsrvip:1055@xsjlicsrvlan:1055@xsjlicsrvmisc:1055@xsjlicsrvwan1:1500@xsjlicsrvwan3:15280@xsjlicsrvwan3:1640@xsjlicsrvwan1:1700@xsjlicsrvwan1:1701@xsjlicsrvwan2:1717@xhdcadgi40:1717@xsjlicsrvip:1717@xsjlicsrvlan:1717@xsjlicsrvwan1:1717@xsjlicsrvwan2:1717@xsjlicsrvwan3:1725@xsjlicsrvwan3:1757@xhdcadgi40:1757@xsjlicsrvip:1757@xsjlicsrvmisc:1757@xsjlicsrvtemp:1757@xsjlicsrvwan1:1757@xsjlicsrvwan2:1757@xsjlicsrvwan3:1888@xsjlicsrvwan3:20000@xsjlicsrvwan3:2080@xsjlicsrvlan:27000@xsjlicsrvwan3:27005@xsjlicsrvmisc:27009@xsjlicsrvwan1:27009@xsjlicsrvwan2:27009@xsjlicsrvwan3:27020@xsjlicsrvwan3:28300@xsjlicsrvip:2850@xsjlicsrvwan3:2851@xsjlicsrvwan3:3400@xsjlicsrvwan3:39484@xsjlicsrvwan3:4071@xsjlicsrvwan1:5280@xhdcadgi40:5280@xsjlicsrvwan1:5280@xsjlicsrvwan2:5280@xsjlicsrvwan3:5778@xhdcadgi40:5778@xsjlicsrvwan1:59001@xsjlicsrvwan1:7070@xsjlicsrvwan3:7102@xsjlicsrvwan3:7200@xsjlicsrvwan3:8900@xhdlicsrvlan:8900@xsjlicsrvlan:9524@xsjlicsrvwan2
2021-09-08 13:21:05,176 DEBUG com.xilinx.rigel.server.ServerStartup [main] SNPSLMD_LICENSE_WAN=1757@xsjlicsrvwan1:1757@xhdcadgi40:1757@xsjlicsrvwan2:1757@xsjlicsrvwan3:1757@xsjlicsrvip:1757@xsjlicsrvtemp
2021-09-08 13:21:05,176 DEBUG com.xilinx.rigel.server.ServerStartup [main] CITRIX_CLIENT_IP_ADDR=10.143.121.187
2021-09-08 13:21:05,176 DEBUG com.xilinx.rigel.server.ServerStartup [main] XILINXD_LICENSE_FILE=2100@aiengine-eng
2021-09-08 13:21:05,176 DEBUG com.xilinx.rigel.server.ServerStartup [main] LC_CTYPE=en_US.UTF-8
2021-09-08 13:21:05,177 DEBUG com.xilinx.rigel.server.ServerStartup [main] SHLVL=5
2021-09-08 13:21:05,177 DEBUG com.xilinx.rigel.server.ServerStartup [main] QT_PLUGIN_PATH=/usr/lib64/kde4/plugins:/usr/lib/kde4/plugins:/home/vijayara/.kde/lib64/kde4/plugins/:/usr/lib64/kde4/plugins/
2021-09-08 13:21:05,177 DEBUG com.xilinx.rigel.server.ServerStartup [main] HISTSIZE=1000
2021-09-08 13:21:05,177 DEBUG com.xilinx.rigel.server.ServerStartup [main] JAVA_HOME=/tools/batonroot/rodin/devkits/lnx64/jdk-11.0.11_9
2021-09-08 13:21:05,177 DEBUG com.xilinx.rigel.server.ServerStartup [main] KDE_SESSION_UID=24703
2021-09-08 13:21:05,177 DEBUG com.xilinx.rigel.server.ServerStartup [main] TERM=xterm-256color
2021-09-08 13:21:05,178 DEBUG com.xilinx.rigel.server.ServerStartup [main] XDG_SESSION_ID=5
2021-09-08 13:21:05,178 DEBUG com.xilinx.rigel.server.ServerStartup [main] GROUP=newhiredefaultgrp
2021-09-08 13:21:05,178 DEBUG com.xilinx.rigel.server.ServerStartup [main] RDI_BINROOT=/proj/xbuilds/2021.2_daily_latest/installs/lin64/Vitis/2021.2/bin
2021-09-08 13:21:05,178 DEBUG com.xilinx.rigel.server.ServerStartup [main] GRADLE_USER_HOME=/scratch/vijayara/
2021-09-08 13:21:05,178 DEBUG com.xilinx.rigel.server.ServerStartup [main] GTK_RC_FILES=/etc/gtk/gtkrc:/home/vijayara/.gtkrc:/home/vijayara/.kde/share/config/gtkrc
2021-09-08 13:21:05,178 DEBUG com.xilinx.rigel.server.ServerStartup [main] RDI_INSTALLROOT=/proj/xbuilds/2021.2_daily_latest/installs/lin64
2021-09-08 13:21:05,178 DEBUG com.xilinx.rigel.server.ServerStartup [main] GTK2_RC_FILES=/etc/gtk-2.0/gtkrc:/home/vijayara/.gtkrc-2.0:/home/vijayara/.gtkrc-2.0-kde4:/home/vijayara/.kde/share/config/gtkrc-2.0
2021-09-08 13:21:05,178 DEBUG com.xilinx.rigel.server.ServerStartup [main] XDG_MENU_PREFIX=kde4-
2021-09-08 13:21:05,178 DEBUG com.xilinx.rigel.server.ServerStartup [main] VTE_VERSION=5202
2021-09-08 13:21:05,178 DEBUG com.xilinx.rigel.server.ServerStartup [main] CITRIX_REMOTE_DISPLAY=xhdvijayara41x:120.0
2021-09-08 13:21:05,178 DEBUG com.xilinx.rigel.server.ServerStartup [main] XILINX_VIVADO_HLS=/proj/xbuilds/2021.2_daily_latest/installs/lin64/Vivado/2021.2
2021-09-08 13:21:05,178 DEBUG com.xilinx.rigel.server.ServerStartup [main] GS_LIB=
2021-09-08 13:21:05,179 DEBUG com.xilinx.rigel.server.ServerStartup [main] XiOSREL=Linux3.10.0-1062.el7.x86_64
2021-09-08 13:21:05,179 DEBUG com.xilinx.rigel.server.ServerStartup [main] CITRIX_CLIENT_PROD_ID=1
2021-09-08 13:21:05,179 DEBUG com.xilinx.rigel.server.ServerStartup [main] XILINX_VIVADO=/proj/xbuilds/2021.2_daily_latest/installs/lin64/Vivado/2021.2
2021-09-08 13:21:05,179 DEBUG com.xilinx.rigel.server.ServerStartup [main] _RDI_DONT_SET_XILINX_AS_PATH=True
2021-09-08 13:21:05,179 DEBUG com.xilinx.rigel.server.ServerStartup [main] XiWINMGR=olwm
2021-09-08 13:21:05,179 DEBUG com.xilinx.rigel.server.ServerStartup [main] XiSUE=true
2021-09-08 13:21:05,179 DEBUG com.xilinx.rigel.server.ServerStartup [main] NVM_BIN=/home/vijayara/.nvm/versions/node/v12.14.1/bin
2021-09-08 13:21:05,179 DEBUG com.xilinx.rigel.server.ServerStartup [main] THEIA_PLUGINS=local-dir:/home/vijayara/.theia/plugins
2021-09-08 13:21:05,179 DEBUG com.xilinx.rigel.server.ServerStartup [main] XILINX_SDX=
2021-09-08 13:21:05,179 DEBUG com.xilinx.rigel.server.ServerStartup [main] _RDI_SETENV_RUN=true
2021-09-08 13:21:05,179 DEBUG com.xilinx.rigel.server.ServerStartup [main] XiGROUPS=newhiredefaultgrp users hd ecc ghe_users everest_ecc secsw1
2021-09-08 13:21:05,179 DEBUG com.xilinx.rigel.server.ServerStartup [main] XDG_DATA_DIRS=/home/vijayara/.local/share/flatpak/exports/share:/var/lib/flatpak/exports/share:/usr/local/share:/usr/share
2021-09-08 13:21:05,187 DEBUG com.xilinx.rigel.server.ServerStartup [main] RDI_DEPENDENCY=XILINX_VIVADO_HLS:XILINX_HLS
2021-09-08 13:21:05,187 DEBUG com.xilinx.rigel.server.ServerStartup [main] LC_TIME=en_US.UTF-8
2021-09-08 13:21:05,187 DEBUG com.xilinx.rigel.server.ServerStartup [main] CTX_REMOTE_DISPLAY=xhdvijayara41x:120.0
2021-09-08 13:21:05,187 DEBUG com.xilinx.rigel.server.ServerStartup [main] TZ=:Asia/Calcutta
2021-09-08 13:21:05,187 DEBUG com.xilinx.rigel.server.ServerStartup [main] XIL_SUPPRESS_OVERRIDE_WARNINGS=1
2021-09-08 13:21:05,187 DEBUG com.xilinx.rigel.server.ServerStartup [main] GTK_IM_MODULE=ibus
2021-09-08 13:21:05,187 DEBUG com.xilinx.rigel.server.ServerStartup [main] MGLS_LICENSE_FILE=1717@xhdcadgi40
2021-09-08 13:21:05,187 DEBUG com.xilinx.rigel.server.ServerStartup [main] LC_MESSAGES=en_US.UTF-8
2021-09-08 13:21:05,188 DEBUG com.xilinx.rigel.server.ServerStartup [main] HOST=xhdvijayara41x
2021-09-08 13:21:05,188 DEBUG com.xilinx.rigel.server.ServerStartup [main] SNPSLMD_LICENSE_FILE=1757@xhdlicsrvlan:1757@xsjlicsrvwan1:1757@xhdcadgi40:1757@xsjlicsrvwan2:1757@xsjlicsrvwan3:1757@xsjlicsrvip:1757@xsjlicsrvtemp
2021-09-08 13:21:05,188 DEBUG com.xilinx.rigel.server.ServerStartup [main] XDG_CURRENT_DESKTOP=KDE
2021-09-08 13:21:05,188 DEBUG com.xilinx.rigel.server.ServerStartup [main] MAIL=/var/spool/mail/vijayara
2021-09-08 13:21:05,188 DEBUG com.xilinx.rigel.server.ServerStartup [main] LC_COLLATE=en_US.UTF-8
2021-09-08 13:21:05,188 DEBUG com.xilinx.rigel.server.ServerStartup [main] XiSET=true
2021-09-08 13:21:05,188 DEBUG com.xilinx.rigel.server.ServerStartup [main] OSTYPE=linux
2021-09-08 13:21:05,188 DEBUG com.xilinx.rigel.server.ServerStartup [main] LOGNAME=vijayara
2021-09-08 13:21:05,188 DEBUG com.xilinx.rigel.server.ServerStartup [main] JDK_HOME=/tools/batonroot/rodin/devkits/lnx64/jdk-11.0.11_9
2021-09-08 13:21:05,188 DEBUG com.xilinx.rigel.server.ServerStartup [main] CITRIX_DISPLAY=:120
2021-09-08 13:21:05,188 DEBUG com.xilinx.rigel.server.ServerStartup [main] RDI_NO_JRE=1
2021-09-08 13:21:05,188 DEBUG com.xilinx.rigel.server.ServerStartup [main] XCURSOR_THEME=Adwaita
2021-09-08 13:21:05,188 DEBUG com.xilinx.rigel.server.ServerStartup [main] HDI_APPROOT=/proj/xbuilds/2021.2_daily_latest/installs/lin64/Vitis/2021.2
2021-09-08 13:21:05,189 DEBUG com.xilinx.rigel.server.ServerStartup [main] PYTHONPATH=/proj/xbuilds/2021.2_daily_latest/installs/lin64/Vitis/2021.2/cli/:/proj/xbuilds/2021.2_daily_latest/installs/lin64/Vitis/2021.2/cli/python-packages/site-packages:/proj/xbuilds/2021.2_daily_latest/installs/lin64/Vitis/2021.2/cli/proto:/proj/xbuilds/2021.2_daily_latest/installs/lin64/Vitis/2021.2/tps/lnx64/python-3.8.3/lib/python3.8/lib-dynload/:/proj/xbuilds/2021.2_daily_latest/installs/lin64/Vitis/2021.2/tps/lnx64/python-3.8.3/lib/python3.8/:/proj/xbuilds/XRT/master/202120.2.12.337/packages/x86_64/xrt-2.12.337_centos_7.8/opt/xilinx/xrt/python:
2021-09-08 13:21:05,189 DEBUG com.xilinx.rigel.server.ServerStartup [main] SHELL=/bin/csh
2021-09-08 13:21:05,189 DEBUG com.xilinx.rigel.server.ServerStartup [main] THEIA_ELECTRON_VERSION=9.3.2
2021-09-08 13:21:05,189 DEBUG com.xilinx.rigel.server.ServerStartup [main] LM_LICENSE_FILE=1717@xhdcadgi40:1709@xidc-sol1:1901@xidc-sol1:2700@xidc-sol1:/proj/rdi-xsj/public/licenses/Rodin_Implementation.lic:/proj/rdi-xsj/public/licenses/Rodin_Synthesis.lic:/proj/rdi-xsj/public/licenses/xilinx_wide.lic:1709@teraflop:1717@xmask2:1757@xidc-sol1:5280@xmask32:5280@xmask3:5280@xidc-sol1:1783@xidc-sol1:5280@xmask4:/proj/xbuilds/licenses:5280@xsjlicsrvwan2:5280@xhdcadgi40
2021-09-08 13:21:05,189 DEBUG com.xilinx.rigel.server.ServerStartup [main] OLDPWD=/proj/xbuilds/SWIP/2021.2_0906_2312/installs/lin64/Vitis/2021.2/vitisng-server
2021-09-08 13:21:05,189 DEBUG com.xilinx.rigel.server.ServerStartup [main] KDE_FULL_SESSION=true
2021-09-08 13:21:05,189 DEBUG com.xilinx.rigel.server.ServerStartup [main] KDE_MULTIHEAD=false
2021-09-08 13:21:05,189 DEBUG com.xilinx.rigel.server.ServerStartup [main] ORIGINAL_XDG_CURRENT_DESKTOP=KDE
2021-09-08 13:21:05,189 DEBUG com.xilinx.rigel.server.ServerStartup [main] XIL_NO_OVERRIDE=0
2021-09-08 13:21:05,190 DEBUG com.xilinx.rigel.server.ServerStartup [main] SSH_ASKPASS=/usr/bin/ksshaskpass
2021-09-08 13:21:05,190 DEBUG com.xilinx.rigel.server.ServerStartup [main] x-theia-electron-token={"value":"628f4b45-6c27-432c-95af-d0512585b48f"}
2021-09-08 13:21:05,190 DEBUG com.xilinx.rigel.server.ServerStartup [main] LS_COLORS=rs=0:di=38;5;27:ln=38;5;51:mh=44;38;5;15:pi=40;38;5;11:so=38;5;13:do=38;5;5:bd=48;5;232;38;5;11:cd=48;5;232;38;5;3:or=48;5;232;38;5;9:mi=05;48;5;232;38;5;15:su=48;5;196;38;5;15:sg=48;5;11;38;5;16:ca=48;5;196;38;5;226:tw=48;5;10;38;5;16:ow=48;5;10;38;5;21:st=48;5;21;38;5;15:ex=38;5;34:*.tar=38;5;9:*.tgz=38;5;9:*.arc=38;5;9:*.arj=38;5;9:*.taz=38;5;9:*.lha=38;5;9:*.lz4=38;5;9:*.lzh=38;5;9:*.lzma=38;5;9:*.tlz=38;5;9:*.txz=38;5;9:*.tzo=38;5;9:*.t7z=38;5;9:*.zip=38;5;9:*.z=38;5;9:*.Z=38;5;9:*.dz=38;5;9:*.gz=38;5;9:*.lrz=38;5;9:*.lz=38;5;9:*.lzo=38;5;9:*.xz=38;5;9:*.bz2=38;5;9:*.bz=38;5;9:*.tbz=38;5;9:*.tbz2=38;5;9:*.tz=38;5;9:*.deb=38;5;9:*.rpm=38;5;9:*.jar=38;5;9:*.war=38;5;9:*.ear=38;5;9:*.sar=38;5;9:*.rar=38;5;9:*.alz=38;5;9:*.ace=38;5;9:*.zoo=38;5;9:*.cpio=38;5;9:*.7z=38;5;9:*.rz=38;5;9:*.cab=38;5;9:*.jpg=38;5;13:*.jpeg=38;5;13:*.gif=38;5;13:*.bmp=38;5;13:*.pbm=38;5;13:*.pgm=38;5;13:*.ppm=38;5;13:*.tga=38;5;13:*.xbm=38;5;13:*.xpm=38;5;13:*.tif=38;5;13:*.tiff=38;5;13:*.png=38;5;13:*.svg=38;5;13:*.svgz=38;5;13:*.mng=38;5;13:*.pcx=38;5;13:*.mov=38;5;13:*.mpg=38;5;13:*.mpeg=38;5;13:*.m2v=38;5;13:*.mkv=38;5;13:*.webm=38;5;13:*.ogm=38;5;13:*.mp4=38;5;13:*.m4v=38;5;13:*.mp4v=38;5;13:*.vob=38;5;13:*.qt=38;5;13:*.nuv=38;5;13:*.wmv=38;5;13:*.asf=38;5;13:*.rm=38;5;13:*.rmvb=38;5;13:*.flc=38;5;13:*.avi=38;5;13:*.fli=38;5;13:*.flv=38;5;13:*.gl=38;5;13:*.dl=38;5;13:*.xcf=38;5;13:*.xwd=38;5;13:*.yuv=38;5;13:*.cgm=38;5;13:*.emf=38;5;13:*.axv=38;5;13:*.anx=38;5;13:*.ogv=38;5;13:*.ogx=38;5;13:*.aac=38;5;45:*.au=38;5;45:*.flac=38;5;45:*.mid=38;5;45:*.midi=38;5;45:*.mka=38;5;45:*.mp3=38;5;45:*.mpc=38;5;45:*.ogg=38;5;45:*.ra=38;5;45:*.wav=38;5;45:*.axa=38;5;45:*.oga=38;5;45:*.spx=38;5;45:*.xspf=38;5;45:
2021-09-08 13:21:05,190 DEBUG com.xilinx.rigel.server.ServerStartup [main] OPENWINHOME=/usr/openwin
2021-09-08 13:21:05,190 DEBUG com.xilinx.rigel.server.ServerStartup [main] X11HOME=/tools/x11r5/sun3
2021-09-08 13:21:05,190 DEBUG com.xilinx.rigel.server.ServerStartup [main] LC_MONETARY=en_US.UTF-8
2021-09-08 13:21:05,191 DEBUG com.xilinx.rigel.server.ServerStartup [main] MANPATH=/home/vijayara/.nvm/versions/node/v12.14.1/share/man:.:/usr/local/man:/usr/man:/opt/puppetlabs/puppet/share/man
2021-09-08 13:21:05,191 DEBUG com.xilinx.rigel.server.ServerStartup [main] QT_IM_MODULE=ibus
2021-09-08 13:21:05,191 DEBUG com.xilinx.rigel.server.ServerStartup [main] RDI_USE_JDK11=1
2021-09-08 13:21:05,191 DEBUG com.xilinx.rigel.server.ServerStartup [main] GNOME_TERMINAL_SERVICE=:1.39043
2021-09-08 13:21:05,191 DEBUG com.xilinx.rigel.server.ServerStartup [main] LANG=en_US.UTF-8
2021-09-08 13:21:05,191 DEBUG com.xilinx.rigel.server.ServerStartup [main] XiSUEHOME=/tools/sue
2021-09-08 13:21:05,191 DEBUG com.xilinx.rigel.server.ServerStartup [main] DISPLAY=:120
2021-09-08 13:21:05,191 DEBUG com.xilinx.rigel.server.ServerStartup [main] THEIA_DEFAULT_PLUGINS=local-dir:/proj/xbuilds/SWIP/2021.2_0906_2312/installs/lin64/Vitis/2021.2/ide/electron-app/lnx64/resources/app/plugins
2021-09-08 13:21:05,191 DEBUG com.xilinx.rigel.server.ServerStartup [main] GDM_LANG=en_US.UTF-8
2021-09-08 13:21:05,191 DEBUG com.xilinx.rigel.server.ServerStartup [main] NVM_DIR=/home/vijayara/.nvm
2021-09-08 13:21:05,191 DEBUG com.xilinx.rigel.server.ServerStartup [main] RDI_INSTALLVER=2021.2
2021-09-08 13:21:05,192 DEBUG com.xilinx.rigel.server.ServerStartup [main] THEIA_APP_PROJECT_PATH=/proj/xbuilds/SWIP/2021.2_0906_2312/installs/lin64/Vitis/2021.2/ide/electron-app/lnx64/resources/app
2021-09-08 13:21:05,192 DEBUG com.xilinx.rigel.server.ServerStartup [main] CITRIX_SESSION_ID=2
2021-09-08 13:21:05,195 DEBUG com.xilinx.rigel.server.ServerStartup [main] USER=vijayara
2021-09-08 13:21:05,196 DEBUG com.xilinx.rigel.server.ServerStartup [main] LC_NUMERIC=C
2021-09-08 13:21:05,196 DEBUG com.xilinx.rigel.server.ServerStartup [main] SSH_AUTH_SOCK=/tmp/ssh-3mLnF79hQFwK/agent.9895
2021-09-08 13:21:05,196 DEBUG com.xilinx.rigel.server.ServerStartup [main] HOSTNAME=xhdvijayara41x
2021-09-08 13:21:05,196 DEBUG com.xilinx.rigel.server.ServerStartup [main] QTDIR=/usr/lib64/qt-3.3
2021-09-08 13:21:05,196 DEBUG com.xilinx.rigel.server.ServerStartup [main] VENDOR=unknown
2021-09-08 13:21:05,196 DEBUG com.xilinx.rigel.server.ServerStartup [main] KDEDIRS=/usr
2021-09-08 13:21:05,196 DEBUG com.xilinx.rigel.server.ServerStartup [main] XDG_RUNTIME_DIR=/run/user/24703
2021-09-08 13:21:05,196 DEBUG com.xilinx.rigel.server.ServerStartup [main] QTLIB=/usr/lib64/qt-3.3/lib
2021-09-08 13:21:05,196 DEBUG com.xilinx.rigel.server.ServerStartup [main] HOME=/home/vijayara
2021-09-08 13:21:05,196 INFO com.xilinx.rigel.server.ServerStartup [main] Startup module: launch
2021-09-08 13:21:05,197 DEBUG com.xilinx.rigel.server.ServerStartup [main] Registered handler for events '[ON_DID_DC_HOST_LAUNCH_START, ON_DID_DC_HOST_LAUNCH_STOP]'.
2021-09-08 13:21:05,355 INFO com.xilinx.rigel.server.ServerStartup [main] Startup module: logger
